RCSTM8 COMPILER V2.44.12.199,  STM8S_EXTI         11/13/12  11:08:01

QCW(0x009A3FE0)

RCSTM8 COMPILER V2.44.12.199, COMPILATION OF MODULE STM8S_EXTI
OBJECT MODULE PLACED IN Debug\stm8s_exti.o
COMPILER INVOKED BY: OBJECT(Debug\stm8s_exti.o) PIN(C:\Raisonance\Ride\inc\STM8) PIN(C:\Raisonance\Ride\inc\ST7) PIN(C:\Raisonance\Ride\inc) WRV(0) STM8(SMALL) DEBUG DGC(data) AUTO OT(7,SIZE) PR(Debug\stm8s_exti.lst) CD CO SB INITSTATICVAR LAOB PIN(..\..\..\..\libraries\stm8s_stdperiph_driver\inc) PIN(..\..\inc) DEFINE(STM8AF52Ax) 

stmt level    source
   1          /**
   2            ******************************************************************************
   3            * @file    stm8s_exti.c
   4            * @author  MCD Application Team
   5            * @version V2.1.0
   6            * @date    18-November-2011
   7            * @brief   This file contains all the functions for the EXTI peripheral.
   8            ******************************************************************************
   9            * @attention
  10            *
  11            * THE PRESENT FIRMWARE WHICH IS FOR GUIDANCE ONLY AIMS AT PROVIDING CUSTOMERS
  12            * WITH CODING INFORMATION REGARDING THEIR PRODUCTS IN ORDER FOR THEM TO SAVE
  13            * TIME. AS A RESULT, STMICROELECTRONICS SHALL NOT BE HELD LIABLE FOR ANY
  14            * DIRECT, INDIRECT OR CONSEQUENTIAL DAMAGES WITH RESPECT TO ANY CLAIMS ARISING
  15            * FROM THE CONTENT OF SUCH FIRMWARE AND/OR THE USE MADE BY CUSTOMERS OF THE
  16            * CODING INFORMATION CONTAINED HEREIN IN CONNECTION WITH THEIR PRODUCTS.
  17            *
  18            * <h2><center>&copy; COPYRIGHT 2011 STMicroelectronics</center></h2>
  19            ******************************************************************************
  20            */
  21          
  22          /* Includes ------------------------------------------------------------------*/
  23          #include "stm8s_exti.h"
  24          
  25          /** @addtogroup STM8S_StdPeriph_Driver
  26            * @{
  27            */
  28          /* Private typedef -----------------------------------------------------------*/
  29          /* Private define ------------------------------------------------------------*/
  30          /* Private macro -------------------------------------------------------------*/
  31          /* Private variables ---------------------------------------------------------*/
  32          /* Private function prototypes -----------------------------------------------*/
  33          /* Private functions ---------------------------------------------------------*/
  34          
  35          /* Public functions ----------------------------------------------------------*/
  36          
  37          /**
  38            * @addtogroup EXTI_Public_Functions
  39            * @{
  40            */
  41          
  42          /**
  43            * @brief  Deinitializes the external interrupt control registers to their default reset value.
  44            * @param  None
  45            * @retval None
  46            */
  47          void EXTI_DeInit(void)
  48          {
  49   1          EXTI->CR1 = EXTI_CR1_RESET_VALUE;
  50   1          EXTI->CR2 = EXTI_CR2_RESET_VALUE;
  51   1      }
  52          
  53          /**
  54            * @brief  Set the external interrupt sensitivity of the selected port.
  55            * @warning
  56            * - The modification of external interrupt sensitivity is only possible when the interrupts are disabled.
  57            * - The normal behavior is to disable the interrupts before calling this function, and re-enable them after.
  58            * @param   Port The port number to access.
  59            * @param   SensitivityValue The external interrupt sensitivity value to set.
  60            * @retval None
  61            * @par Required preconditions:
  62            * Global interrupts must be disabled before calling this function.
  63            */
  64          void EXTI_SetExtIntSensitivity(EXTI_Port_TypeDef Port, EXTI_Sensitivity_TypeDef SensitivityValue)
  65          {
  66   1      
  67   1          /* Check function parameters */
  68   1          assert_param(IS_EXTI_PORT_OK(Port));
  69   1          assert_param(IS_EXTI_SENSITIVITY_OK(SensitivityValue));
  70   1      
  71   1          /* Set external interrupt sensitivity */
  72   1          switch (Port)
  73   1          {
  74   2          case EXTI_PORT_GPIOA:
  75   2              EXTI->CR1 &= (uint8_t)(~EXTI_CR1_PAIS);
  76   2              EXTI->CR1 |= (uint8_t)(SensitivityValue);
  77   2              break;
  78   2          case EXTI_PORT_GPIOB:
  79   2              EXTI->CR1 &= (uint8_t)(~EXTI_CR1_PBIS);
  80   2              EXTI->CR1 |= (uint8_t)((uint8_t)(SensitivityValue) << 2);
  81   2              break;
  82   2          case EXTI_PORT_GPIOC:
  83   2              EXTI->CR1 &= (uint8_t)(~EXTI_CR1_PCIS);
  84   2              EXTI->CR1 |= (uint8_t)((uint8_t)(SensitivityValue) << 4);
  85   2              break;
  86   2          case EXTI_PORT_GPIOD:
  87   2              EXTI->CR1 &= (uint8_t)(~EXTI_CR1_PDIS);
  88   2              EXTI->CR1 |= (uint8_t)((uint8_t)(SensitivityValue) << 6);
  89   2              break;
  90   2          case EXTI_PORT_GPIOE:
  91   2              EXTI->CR2 &= (uint8_t)(~EXTI_CR2_PEIS);
  92   2              EXTI->CR2 |= (uint8_t)(SensitivityValue);
  93   2              break;
  94   2          default:
  95   2              break;
  96   2          }
  97   1      }
  98          
  99          /**
 100            * @brief  Set the TLI interrupt sensitivity.
 101            * @param   SensitivityValue The TLI interrupt sensitivity value.
 102            * @retval None
 103            * @par Required preconditions:
 104            * Global interrupts must be disabled before calling this function.
 105            */
 106          void EXTI_SetTLISensitivity(EXTI_TLISensitivity_TypeDef SensitivityValue)
 107          {
 108   1          /* Check function parameters */
 109   1          assert_param(IS_EXTI_TLISENSITIVITY_OK(SensitivityValue));
 110   1      
 111   1          /* Set TLI interrupt sensitivity */
 112   1          EXTI->CR2 &= (uint8_t)(~EXTI_CR2_TLIS);
 113   1          EXTI->CR2 |= (uint8_t)(SensitivityValue);
 114   1      }
 115          
 116          /**
 117            * @brief  Get the external interrupt sensitivity of the selected port.
 118            * @param   Port The port number to access.
 119            * @retval EXTI_Sensitivity_TypeDef The external interrupt sensitivity of the selected port.
 120            */
 121          EXTI_Sensitivity_TypeDef EXTI_GetExtIntSensitivity(EXTI_Port_TypeDef Port)
 122          {
 123   1          uint8_t value = 0;
 124   1      
 125   1          /* Check function parameters */
 126   1          assert_param(IS_EXTI_PORT_OK(Port));
 127   1      
 128   1          switch (Port)
 129   1          {
 130   2          case EXTI_PORT_GPIOA:
 131   2              value = (uint8_t)(EXTI->CR1 & EXTI_CR1_PAIS);
 132   2              break;
 133   2          case EXTI_PORT_GPIOB:
 134   2              value = (uint8_t)((uint8_t)(EXTI->CR1 & EXTI_CR1_PBIS) >> 2);
 135   2              break;
 136   2          case EXTI_PORT_GPIOC:
 137   2              value = (uint8_t)((uint8_t)(EXTI->CR1 & EXTI_CR1_PCIS) >> 4);
 138   2              break;
 139   2          case EXTI_PORT_GPIOD:
 140   2              value = (uint8_t)((uint8_t)(EXTI->CR1 & EXTI_CR1_PDIS) >> 6);
 141   2              break;
 142   2          case EXTI_PORT_GPIOE:
 143   2              value = (uint8_t)(EXTI->CR2 & EXTI_CR2_PEIS);
 144   2              break;
 145   2          default:
 146   2              break;
 147   2          }
 148   1      
 149   1          return((EXTI_Sensitivity_TypeDef)value);
 150   1      }
 151          
 152          /**
 153            * @brief  Get the TLI interrupt sensitivity.
 154            * @param  None
 155            * @retval EXTI_TLISensitivity_TypeDef The TLI interrupt sensitivity read.
 156            */
 157          EXTI_TLISensitivity_TypeDef EXTI_GetTLISensitivity(void)
 158          {
 159   1      
 160   1          uint8_t value = 0;
 161   1      
 162   1          /* Get TLI interrupt sensitivity */
 163   1          value = (uint8_t)(EXTI->CR2 & EXTI_CR2_TLIS);
 164   1      
 165   1          return((EXTI_TLISensitivity_TypeDef)value);
 166   1      }
 167          
 168          /**
 169            * @}
 170            */
 171            
 172          /**
 173            * @}
 174            */
 175            
 176          /******************* (C) COPYRIGHT 2011 STMicroelectronics *****END OF FILE****/
 177          
RCSTM8 COMPILER V2.44.12.199
ASSEMBLY LISTING OF GENERATED OBJECT CODE

              ; FUNCTION ?EXTI_DeInit (BEGIN)
              ; SOURCE LINE # 49 
0000 725F50A0                          CLR    050A0H
              ; SOURCE LINE # 50 
0004 725F50A1                          CLR    050A1H
              ; SOURCE LINE # 51 
0008 81                                RET    

              ; FUNCTION ?EXTI_DeInit (END)

              ; FUNCTION ?EXTI_SetExtIntSensitivity (BEGIN)
              ; Register-parameter Port (XW) is relocated (AUTO)
              ; SOURCE LINE # 64 
0000 89                                PUSHW  X
              ; SOURCE LINE # 68 
0001 5D                                TNZW   X
0002 2720                              JREQ   ?NXT_0003
0004 5A                                DECW   X
0005 271D                              JREQ   ?NXT_0003
0007 AE0002                            LDW    X,#00002H
000A 1301       F                      CPW    X,(001H,SP)   ; [ Port ]
000C 2716                              JREQ   ?NXT_0003
000E 5C                                INCW   X
000F 1301       F                      CPW    X,(001H,SP)   ; [ Port ]
0011 2711                              JREQ   ?NXT_0003
0013 5C                                INCW   X
0014 1301       F                      CPW    X,(001H,SP)   ; [ Port ]
0016 270C                              JREQ   ?NXT_0003
0018 CD0000     F DNF            M(04)  CALL  ?C?mv4_pg2sk1
001B         ?DATASTART_0002:
001B 44                             M  DB     044H
001C         ?DATAEND_0002:
001C AE0000     F                      LDW    X,#HIGH(?STR?STM8S_EXTI?BASE)
001F CD0000     F                      CALL   ?assert_failed
0022 5B04                              ADD    SP,#004H
0024         ?NXT_0003:
              ; SOURCE LINE # 69 
0024 1E05       F                      LDW    X,(005H,SP)   ; [ SensitivityValue ]
0026 271B                              JREQ   ?NXT_0004
0028 5A                                DECW   X
0029 2718                              JREQ   ?NXT_0004
002B AE0002                            LDW    X,#00002H
002E 1305       F                      CPW    X,(005H,SP)   ; [ SensitivityValue ]
0030 2711                              JREQ   ?NXT_0004
0032 5C                                INCW   X
0033 1305       F                      CPW    X,(005H,SP)   ; [ SensitivityValue ]
0035 270C                              JREQ   ?NXT_0004
0037 CD0000     F DNF            M(04)  CALL  ?C?mv4_pg2sk1
003A         ?DATASTART_0003:
003A 45                             M  DB     045H
003B         ?DATAEND_0003:
003B AE0000     F                      LDW    X,#HIGH(?STR?STM8S_EXTI?BASE)
003E CD0000     F                      CALL   ?assert_failed
0041 5B04                              ADD    SP,#004H
0043         ?NXT_0004:
              ; SOURCE LINE # 72 
0043 1E01       F                      LDW    X,(001H,SP)   ; [ Port ]
0045 270E                              JREQ   ?CASE_0005
0047 5A                                DECW   X
0048 271D                              JREQ   ?CASE_0006
004A 5A                                DECW   X
004B 272E                              JREQ   ?CASE_0007
004D 5A                                DECW   X
004E 273C                              JREQ   ?CASE_0008
0050 5A                                DECW   X
0051 2749                              JREQ   ?CASE_0009
              ; SOURCE LINE # 95 
0053 2057                              JRA    ?EPILOG_0001
0055         ?CASE_0005:
              ; SOURCE LINE # 75 
0055 A6FC                              LD     A,#0FCH
0057 C450A0                            AND    A,050A0H
005A C750A0                            LD     050A0H,A
              ; SOURCE LINE # 76 
005D C650A0                            LD     A,050A0H
0060 1A06       F                      OR     A,(006H,SP)   ; [ SensitivityValue + 01H ]
0062         ?OPTI_0002:
0062 C750A0                            LD     050A0H,A
              ; SOURCE LINE # 77 
0065 2045                              JRA    ?EPILOG_0001
0067         ?CASE_0006:
              ; SOURCE LINE # 79 
0067 A6F3                              LD     A,#0F3H
0069 C450A0                            AND    A,050A0H
006C C750A0                            LD     050A0H,A
              ; SOURCE LINE # 80 
006F 7B06       F                      LD     A,(006H,SP)   ; [ SensitivityValue + 01H ]
0071 5F                                CLRW   X
0072 97                                LD     XL,A
0073 58                                SLAW   X
0074 58                                SLAW   X
0075         ?OPTI_0001:
0075 9F                                LD     A,XL
0076 CA50A0                            OR     A,050A0H
              ; SOURCE LINE # 81 
0079 20E7                              JRA    ?OPTI_0002
007B         ?CASE_0007:
              ; SOURCE LINE # 83 
007B A6CF                              LD     A,#0CFH
007D C450A0                            AND    A,050A0H
0080 C750A0                            LD     050A0H,A
              ; SOURCE LINE # 84 
0083 7B06       F                      LD     A,(006H,SP)   ; [ SensitivityValue + 01H ]
0085 5F                                CLRW   X
0086 97                                LD     XL,A
0087 A610                              LD     A,#010H
0089         ?OPTI_0000:
0089 42                                MUL    X,A
              ; SOURCE LINE # 85 
008A 20E9                              JRA    ?OPTI_0001
008C         ?CASE_0008:
              ; SOURCE LINE # 87 
008C A63F                              LD     A,#03FH
008E C450A0                            AND    A,050A0H
0091 C750A0                            LD     050A0H,A
              ; SOURCE LINE # 88 
0094 7B06       F                      LD     A,(006H,SP)   ; [ SensitivityValue + 01H ]
0096 5F                                CLRW   X
0097 97                                LD     XL,A
0098 A640                              LD     A,#040H
              ; SOURCE LINE # 89 
009A 20ED                              JRA    ?OPTI_0000
009C         ?CASE_0009:
              ; SOURCE LINE # 91 
009C A6FC                              LD     A,#0FCH
009E C450A1                            AND    A,050A1H
00A1 C750A1                            LD     050A1H,A
              ; SOURCE LINE # 92 
00A4 C650A1                            LD     A,050A1H
00A7 1A06       F                      OR     A,(006H,SP)   ; [ SensitivityValue + 01H ]
00A9 C750A1                            LD     050A1H,A
00AC         ?EPILOG_0001:
              ; SOURCE LINE # 97 
00AC 85                                POPW   X
00AD 81                                RET    
              ; Port         (size=2).  parameter in AUTO
              ; SensitivityValue (size=2).  parameter in AUTO

              ; FUNCTION ?EXTI_SetExtIntSensitivity (END)

              ; FUNCTION ?EXTI_SetTLISensitivity (BEGIN)
              ; Register-parameter SensitivityValue (XW) is relocated (AUTO)
              ; SOURCE LINE # 106 
0000 89                                PUSHW  X
              ; SOURCE LINE # 109 
0001 5D                                TNZW   X
0002 2711                              JREQ   ?NXT_0007
0004 A30004                            CPW    X,#00004H
0007 270C                              JREQ   ?NXT_0007
0009 CD0000     F DNF            M(04)  CALL  ?C?mv4_pg2sk1
000C         ?DATASTART_0005:
000C 6D                             M  DB     06DH
000D         ?DATAEND_0005:
000D AE0000     F                      LDW    X,#HIGH(?STR?STM8S_EXTI?BASE)
0010 CD0000     F                      CALL   ?assert_failed
0013 5B04                              ADD    SP,#004H
0015         ?NXT_0007:
              ; SOURCE LINE # 112 
0015 721550A1                          BRES   050A1H,#002H
              ; SOURCE LINE # 113 
0019 C650A1                            LD     A,050A1H
001C 1A02       F                      OR     A,(002H,SP)   ; [ SensitivityValue + 01H ]
001E C750A1                            LD     050A1H,A
              ; SOURCE LINE # 114 
0021 85                                POPW   X
0022 81                                RET    
              ; SensitivityValue (size=2).  parameter in AUTO

              ; FUNCTION ?EXTI_SetTLISensitivity (END)

              ; FUNCTION ?EXTI_GetExtIntSensitivity (BEGIN)
              ; Register-parameter Port (XW) is relocated (AUTO)
              ; SOURCE LINE # 121 
0000 89                                PUSHW  X
              ; SOURCE LINE # 123 
0001 4B00                              PUSH   #000H
              ; SOURCE LINE # 126 
0003 5D                                TNZW   X
0004 2721                              JREQ   ?NXT_0010
0006 5F                                CLRW   X
0007 5C                                INCW   X
0008 1302       F                      CPW    X,(002H,SP)   ; [ Port ]
000A 271B                              JREQ   ?NXT_0010
000C 5C                                INCW   X
000D 1302       F                      CPW    X,(002H,SP)   ; [ Port ]
000F 2716                              JREQ   ?NXT_0010
0011 5C                                INCW   X
0012 1302       F                      CPW    X,(002H,SP)   ; [ Port ]
0014 2711                              JREQ   ?NXT_0010
0016 5C                                INCW   X
0017 1302       F                      CPW    X,(002H,SP)   ; [ Port ]
0019 270C                              JREQ   ?NXT_0010
001B CD0000     F DNF            M(04)  CALL  ?C?mv4_pg2sk1
001E         ?DATASTART_0007:
001E 7E                             M  DB     07EH
001F         ?DATAEND_0007:
001F AE0000     F                      LDW    X,#HIGH(?STR?STM8S_EXTI?BASE)
0022 CD0000     F                      CALL   ?assert_failed
0025 5B04                              ADD    SP,#004H
0027         ?NXT_0010:
              ; SOURCE LINE # 128 
0027 1E02       F                      LDW    X,(002H,SP)   ; [ Port ]
0029 270E                              JREQ   ?CASE_0015
002B 5A                                DECW   X
002C 2714                              JREQ   ?CASE_0016
002E 5A                                DECW   X
002F 271A                              JREQ   ?CASE_0017
0031 5A                                DECW   X
0032 2721                              JREQ   ?CASE_0018
0034 5A                                DECW   X
0035 2728                              JREQ   ?CASE_0019
              ; SOURCE LINE # 146 
0037 202D                              JRA    ?NXT_0011
0039         ?CASE_0015:
              ; SOURCE LINE # 131 
0039 C650A0                            LD     A,050A0H
003C A403                              AND    A,#003H
003E         ?OPTI_0005:
003E 6B01       F                      LD     (001H,SP),A   ; [ value ]
              ; SOURCE LINE # 132 
0040 2024                              JRA    ?NXT_0011
0042         ?CASE_0016:
              ; SOURCE LINE # 134 
0042 C650A0                            LD     A,050A0H
0045 A40C                              AND    A,#00CH
0047         ?OPTI_0003:
0047 44                                SRL    A
0048 44                                SRL    A
              ; SOURCE LINE # 135 
0049 20F3                              JRA    ?OPTI_0005
004B         ?CASE_0017:
              ; SOURCE LINE # 137 
004B C650A0                            LD     A,050A0H
004E A430                              AND    A,#030H
0050 4E                                SWAP   A
0051 A40F                              AND    A,#00FH
              ; SOURCE LINE # 138 
0053 20E9                              JRA    ?OPTI_0005
0055         ?CASE_0018:
              ; SOURCE LINE # 140 
0055 C650A0                            LD     A,050A0H
0058 A4C0                              AND    A,#0C0H
005A 4E                                SWAP   A
005B A40F                              AND    A,#00FH
              ; SOURCE LINE # 141 
005D 20E8                              JRA    ?OPTI_0003
005F         ?CASE_0019:
              ; SOURCE LINE # 143 
005F C650A1                            LD     A,050A1H
0062 A403                              AND    A,#003H
0064 6B01       F                      LD     (001H,SP),A   ; [ value ]
0066         ?NXT_0011:
              ; SOURCE LINE # 149 
0066 7B01       F                      LD     A,(001H,SP)   ; [ value ]
0068 5F                                CLRW   X
0069 97                                LD     XL,A
              ; SOURCE LINE # 150 
006A 5B03                              ADD    SP,#003H
006C 81                                RET    
              ; Port         (size=2).  parameter in AUTO
              ; value        unsigned char  (size=1). Automatic variable  in AUTO

              ; FUNCTION ?EXTI_GetExtIntSensitivity (END)

              ; FUNCTION ?EXTI_GetTLISensitivity (BEGIN)
              ; SOURCE LINE # 163 
0000 C650A1                            LD     A,050A1H
0003 A404                              AND    A,#004H
              ; SOURCE LINE # 165 
0005 5F                                CLRW   X
0006 97                                LD     XL,A
              ; SOURCE LINE # 166 
0007 81                                RET    
              ; value        unsigned char  (size=1). Automatic variable  in AUTO

              ; FUNCTION ?EXTI_GetTLISensitivity (END)

RCSTM8 COMPILER V2.44.12.199
NAME                                    CLASS   MSPACE  TYPE    OFFSET  SIZE
====                                    =====   ======  ====    ======  ====

int8_t . . . . . . . . . . . . . . . .  TYPEDEF ------- ????? -------      1
int16_t. . . . . . . . . . . . . . . .  TYPEDEF ------- INT      -------     2
int32_t. . . . . . . . . . . . . . . .  TYPEDEF ------- LONG     -------     4
uint8_t. . . . . . . . . . . . . . . .  TYPEDEF ------- U_CHAR  -------     1
uint16_t . . . . . . . . . . . . . . .  TYPEDEF ------- U_CHAR  -------     2
uint32_t . . . . . . . . . . . . . . .  TYPEDEF ------- ????? -------      4
s32. . . . . . . . . . . . . . . . . .  TYPEDEF ------- LONG     -------     4
s16. . . . . . . . . . . . . . . . . .  TYPEDEF ------- INT      -------     2
s8 . . . . . . . . . . . . . . . . . .  TYPEDEF ------- ????? -------      1
u32. . . . . . . . . . . . . . . . . .  TYPEDEF ------- ????? -------      4
u16. . . . . . . . . . . . . . . . . .  TYPEDEF ------- U_CHAR  -------     2
u8 . . . . . . . . . . . . . . . . . .  TYPEDEF ------- U_CHAR  -------     1
FALSE. . . . . . . . . . . . . . . . . E_CONST  ----- INT      -------  2
TRUE . . . . . . . . . . . . . . . . . E_CONST  ----- INT      -------  2
bool . . . . . . . . . . . . . . . . .  TYPEDEF ------- INT   -------     2
RESET. . . . . . . . . . . . . . . . . E_CONST  ----- INT      -------  2
SET. . . . . . . . . . . . . . . . . . E_CONST  ----- INT      -------  2
FlagStatus . . . . . . . . . . . . . .  TYPEDEF ------- INT   -------     2
ITStatus . . . . . . . . . . . . . . .  TYPEDEF ------- INT   -------     2
BitStatus. . . . . . . . . . . . . . .  TYPEDEF ------- INT   -------     2
BitAction. . . . . . . . . . . . . . .  TYPEDEF ------- INT   -------     2
DISABLE. . . . . . . . . . . . . . . . E_CONST  ----- INT      -------  2
ENABLE . . . . . . . . . . . . . . . . E_CONST  ----- INT      -------  2
FunctionalState. . . . . . . . . . . .  TYPEDEF ------- INT   -------     2
ERROR. . . . . . . . . . . . . . . . . E_CONST  ----- INT      -------  2
SUCCESS. . . . . . . . . . . . . . . . E_CONST  ----- INT      -------  2
ErrorStatus. . . . . . . . . . . . . .  TYPEDEF ------- INT   -------     2
GPIO_struct. . . . . . . . . . . . . . * TAG *  ----- STRUCT  -------     5
  ODR. . . . . . . . . . . . . . . . .  MEMBER  -----   U_CHAR  000000H     1
  IDR. . . . . . . . . . . . . . . . .  MEMBER  -----   U_CHAR  000001H     1
  DDR. . . . . . . . . . . . . . . . .  MEMBER  -----   U_CHAR  000002H     1
  CR1. . . . . . . . . . . . . . . . .  MEMBER  -----   U_CHAR  000003H     1
  CR2. . . . . . . . . . . . . . . . .  MEMBER  -----   U_CHAR  000004H     1
GPIO_TypeDef . . . . . . . . . . . . .  TYPEDEF ------- STRUCT   -------     5
  ODR. . . . . . . . . . . . . . . . .  MEMBER  -----   U_CHAR  000000H     1
  IDR. . . . . . . . . . . . . . . . .  MEMBER  -----   U_CHAR  000001H     1
  DDR. . . . . . . . . . . . . . . . .  MEMBER  -----   U_CHAR  000002H     1
  CR1. . . . . . . . . . . . . . . . .  MEMBER  -----   U_CHAR  000003H     1
  CR2. . . . . . . . . . . . . . . . .  MEMBER  -----   U_CHAR  000004H     1
ADC2_struct. . . . . . . . . . . . . . * TAG *  ----- STRUCT  -------     8
  CSR. . . . . . . . . . . . . . . . .  MEMBER  -----   U_CHAR  000000H     1
  CR1. . . . . . . . . . . . . . . . .  MEMBER  -----   U_CHAR  000001H     1
  CR2. . . . . . . . . . . . . . . . .  MEMBER  -----   U_CHAR  000002H     1
  RESERVED . . . . . . . . . . . . . .  MEMBER  -----   U_CHAR  000003H     1
  DRH. . . . . . . . . . . . . . . . .  MEMBER  -----   U_CHAR  000004H     1
  DRL. . . . . . . . . . . . . . . . .  MEMBER  -----   U_CHAR  000005H     1
  TDRH . . . . . . . . . . . . . . . .  MEMBER  -----   U_CHAR  000006H     1
  TDRL . . . . . . . . . . . . . . . .  MEMBER  -----   U_CHAR  000007H     1
ADC2_TypeDef . . . . . . . . . . . . .  TYPEDEF ------- STRUCT   -------     8
  CSR. . . . . . . . . . . . . . . . .  MEMBER  -----   U_CHAR  000000H     1
  CR1. . . . . . . . . . . . . . . . .  MEMBER  -----   U_CHAR  000001H     1
  CR2. . . . . . . . . . . . . . . . .  MEMBER  -----   U_CHAR  000002H     1
  RESERVED . . . . . . . . . . . . . .  MEMBER  -----   U_CHAR  000003H     1
  DRH. . . . . . . . . . . . . . . . .  MEMBER  -----   U_CHAR  000004H     1
  DRL. . . . . . . . . . . . . . . . .  MEMBER  -----   U_CHAR  000005H     1
  TDRH . . . . . . . . . . . . . . . .  MEMBER  -----   U_CHAR  000006H     1
  TDRL . . . . . . . . . . . . . . . .  MEMBER  -----   U_CHAR  000007H     1
AWU_struct . . . . . . . . . . . . . . * TAG *  ----- STRUCT  -------     3
  CSR. . . . . . . . . . . . . . . . .  MEMBER  -----   U_CHAR  000000H     1
  APR. . . . . . . . . . . . . . . . .  MEMBER  -----   U_CHAR  000001H     1
  TBR. . . . . . . . . . . . . . . . .  MEMBER  -----   U_CHAR  000002H     1
AWU_TypeDef. . . . . . . . . . . . . .  TYPEDEF ------- STRUCT   -------     3
  CSR. . . . . . . . . . . . . . . . .  MEMBER  -----   U_CHAR  000000H     1
  APR. . . . . . . . . . . . . . . . .  MEMBER  -----   U_CHAR  000001H     1
  TBR. . . . . . . . . . . . . . . . .  MEMBER  -----   U_CHAR  000002H     1
BEEP_struct. . . . . . . . . . . . . . * TAG *  ----- STRUCT  -------     1
  CSR. . . . . . . . . . . . . . . . .  MEMBER  -----   U_CHAR  000000H     1
BEEP_TypeDef . . . . . . . . . . . . .  TYPEDEF ------- STRUCT   -------     1
  CSR. . . . . . . . . . . . . . . . .  MEMBER  -----   U_CHAR  000000H     1
CLK_struct . . . . . . . . . . . . . . * TAG *  ----- STRUCT  -------    14
  ICKR . . . . . . . . . . . . . . . .  MEMBER  -----   U_CHAR  000000H     1
  ECKR . . . . . . . . . . . . . . . .  MEMBER  -----   U_CHAR  000001H     1
  RESERVED . . . . . . . . . . . . . .  MEMBER  -----   U_CHAR  000002H     1
  CMSR . . . . . . . . . . . . . . . .  MEMBER  -----   U_CHAR  000003H     1
  SWR. . . . . . . . . . . . . . . . .  MEMBER  -----   U_CHAR  000004H     1
  SWCR . . . . . . . . . . . . . . . .  MEMBER  -----   U_CHAR  000005H     1
  CKDIVR . . . . . . . . . . . . . . .  MEMBER  -----   U_CHAR  000006H     1
  PCKENR1. . . . . . . . . . . . . . .  MEMBER  -----   U_CHAR  000007H     1
  CSSR . . . . . . . . . . . . . . . .  MEMBER  -----   U_CHAR  000008H     1
  CCOR . . . . . . . . . . . . . . . .  MEMBER  -----   U_CHAR  000009H     1
  PCKENR2. . . . . . . . . . . . . . .  MEMBER  -----   U_CHAR  00000AH     1
  RESERVED1. . . . . . . . . . . . . .  MEMBER  -----   U_CHAR  00000BH     1
  HSITRIMR . . . . . . . . . . . . . .  MEMBER  -----   U_CHAR  00000CH     1
  SWIMCCR. . . . . . . . . . . . . . .  MEMBER  -----   U_CHAR  00000DH     1
CLK_TypeDef. . . . . . . . . . . . . .  TYPEDEF ------- STRUCT   -------    14
  ICKR . . . . . . . . . . . . . . . .  MEMBER  -----   U_CHAR  000000H     1
  ECKR . . . . . . . . . . . . . . . .  MEMBER  -----   U_CHAR  000001H     1
  RESERVED . . . . . . . . . . . . . .  MEMBER  -----   U_CHAR  000002H     1
  CMSR . . . . . . . . . . . . . . . .  MEMBER  -----   U_CHAR  000003H     1
  SWR. . . . . . . . . . . . . . . . .  MEMBER  -----   U_CHAR  000004H     1
  SWCR . . . . . . . . . . . . . . . .  MEMBER  -----   U_CHAR  000005H     1
  CKDIVR . . . . . . . . . . . . . . .  MEMBER  -----   U_CHAR  000006H     1
  PCKENR1. . . . . . . . . . . . . . .  MEMBER  -----   U_CHAR  000007H     1
  CSSR . . . . . . . . . . . . . . . .  MEMBER  -----   U_CHAR  000008H     1
  CCOR . . . . . . . . . . . . . . . .  MEMBER  -----   U_CHAR  000009H     1
  PCKENR2. . . . . . . . . . . . . . .  MEMBER  -----   U_CHAR  00000AH     1
  RESERVED1. . . . . . . . . . . . . .  MEMBER  -----   U_CHAR  00000BH     1
  HSITRIMR . . . . . . . . . . . . . .  MEMBER  -----   U_CHAR  00000CH     1
  SWIMCCR. . . . . . . . . . . . . . .  MEMBER  -----   U_CHAR  00000DH     1
TIM1_struct. . . . . . . . . . . . . . * TAG *  ----- STRUCT  -------    32
  CR1. . . . . . . . . . . . . . . . .  MEMBER  -----   U_CHAR  000000H     1
  CR2. . . . . . . . . . . . . . . . .  MEMBER  -----   U_CHAR  000001H     1
  SMCR . . . . . . . . . . . . . . . .  MEMBER  -----   U_CHAR  000002H     1
  ETR. . . . . . . . . . . . . . . . .  MEMBER  -----   U_CHAR  000003H     1
  IER. . . . . . . . . . . . . . . . .  MEMBER  -----   U_CHAR  000004H     1
  SR1. . . . . . . . . . . . . . . . .  MEMBER  -----   U_CHAR  000005H     1
  SR2. . . . . . . . . . . . . . . . .  MEMBER  -----   U_CHAR  000006H     1
  EGR. . . . . . . . . . . . . . . . .  MEMBER  -----   U_CHAR  000007H     1
  CCMR1. . . . . . . . . . . . . . . .  MEMBER  -----   U_CHAR  000008H     1
  CCMR2. . . . . . . . . . . . . . . .  MEMBER  -----   U_CHAR  000009H     1
  CCMR3. . . . . . . . . . . . . . . .  MEMBER  -----   U_CHAR  00000AH     1
  CCMR4. . . . . . . . . . . . . . . .  MEMBER  -----   U_CHAR  00000BH     1
  CCER1. . . . . . . . . . . . . . . .  MEMBER  -----   U_CHAR  00000CH     1
  CCER2. . . . . . . . . . . . . . . .  MEMBER  -----   U_CHAR  00000DH     1
  CNTRH. . . . . . . . . . . . . . . .  MEMBER  -----   U_CHAR  00000EH     1
  CNTRL. . . . . . . . . . . . . . . .  MEMBER  -----   U_CHAR  00000FH     1
  PSCRH. . . . . . . . . . . . . . . .  MEMBER  -----   U_CHAR  000010H     1
  PSCRL. . . . . . . . . . . . . . . .  MEMBER  -----   U_CHAR  000011H     1
  ARRH . . . . . . . . . . . . . . . .  MEMBER  -----   U_CHAR  000012H     1
  ARRL . . . . . . . . . . . . . . . .  MEMBER  -----   U_CHAR  000013H     1
  RCR. . . . . . . . . . . . . . . . .  MEMBER  -----   U_CHAR  000014H     1
  CCR1H. . . . . . . . . . . . . . . .  MEMBER  -----   U_CHAR  000015H     1
  CCR1L. . . . . . . . . . . . . . . .  MEMBER  -----   U_CHAR  000016H     1
  CCR2H. . . . . . . . . . . . . . . .  MEMBER  -----   U_CHAR  000017H     1
  CCR2L. . . . . . . . . . . . . . . .  MEMBER  -----   U_CHAR  000018H     1
  CCR3H. . . . . . . . . . . . . . . .  MEMBER  -----   U_CHAR  000019H     1
  CCR3L. . . . . . . . . . . . . . . .  MEMBER  -----   U_CHAR  00001AH     1
  CCR4H. . . . . . . . . . . . . . . .  MEMBER  -----   U_CHAR  00001BH     1
  CCR4L. . . . . . . . . . . . . . . .  MEMBER  -----   U_CHAR  00001CH     1
  BKR. . . . . . . . . . . . . . . . .  MEMBER  -----   U_CHAR  00001DH     1
  DTR. . . . . . . . . . . . . . . . .  MEMBER  -----   U_CHAR  00001EH     1
  OISR . . . . . . . . . . . . . . . .  MEMBER  -----   U_CHAR  00001FH     1
TIM1_TypeDef . . . . . . . . . . . . .  TYPEDEF ------- STRUCT   -------    32
  CR1. . . . . . . . . . . . . . . . .  MEMBER  -----   U_CHAR  000000H     1
  CR2. . . . . . . . . . . . . . . . .  MEMBER  -----   U_CHAR  000001H     1
  SMCR . . . . . . . . . . . . . . . .  MEMBER  -----   U_CHAR  000002H     1
  ETR. . . . . . . . . . . . . . . . .  MEMBER  -----   U_CHAR  000003H     1
  IER. . . . . . . . . . . . . . . . .  MEMBER  -----   U_CHAR  000004H     1
  SR1. . . . . . . . . . . . . . . . .  MEMBER  -----   U_CHAR  000005H     1
  SR2. . . . . . . . . . . . . . . . .  MEMBER  -----   U_CHAR  000006H     1
  EGR. . . . . . . . . . . . . . . . .  MEMBER  -----   U_CHAR  000007H     1
  CCMR1. . . . . . . . . . . . . . . .  MEMBER  -----   U_CHAR  000008H     1
  CCMR2. . . . . . . . . . . . . . . .  MEMBER  -----   U_CHAR  000009H     1
  CCMR3. . . . . . . . . . . . . . . .  MEMBER  -----   U_CHAR  00000AH     1
  CCMR4. . . . . . . . . . . . . . . .  MEMBER  -----   U_CHAR  00000BH     1
  CCER1. . . . . . . . . . . . . . . .  MEMBER  -----   U_CHAR  00000CH     1
  CCER2. . . . . . . . . . . . . . . .  MEMBER  -----   U_CHAR  00000DH     1
  CNTRH. . . . . . . . . . . . . . . .  MEMBER  -----   U_CHAR  00000EH     1
  CNTRL. . . . . . . . . . . . . . . .  MEMBER  -----   U_CHAR  00000FH     1
  PSCRH. . . . . . . . . . . . . . . .  MEMBER  -----   U_CHAR  000010H     1
  PSCRL. . . . . . . . . . . . . . . .  MEMBER  -----   U_CHAR  000011H     1
  ARRH . . . . . . . . . . . . . . . .  MEMBER  -----   U_CHAR  000012H     1
  ARRL . . . . . . . . . . . . . . . .  MEMBER  -----   U_CHAR  000013H     1
  RCR. . . . . . . . . . . . . . . . .  MEMBER  -----   U_CHAR  000014H     1
  CCR1H. . . . . . . . . . . . . . . .  MEMBER  -----   U_CHAR  000015H     1
  CCR1L. . . . . . . . . . . . . . . .  MEMBER  -----   U_CHAR  000016H     1
  CCR2H. . . . . . . . . . . . . . . .  MEMBER  -----   U_CHAR  000017H     1
  CCR2L. . . . . . . . . . . . . . . .  MEMBER  -----   U_CHAR  000018H     1
  CCR3H. . . . . . . . . . . . . . . .  MEMBER  -----   U_CHAR  000019H     1
  CCR3L. . . . . . . . . . . . . . . .  MEMBER  -----   U_CHAR  00001AH     1
  CCR4H. . . . . . . . . . . . . . . .  MEMBER  -----   U_CHAR  00001BH     1
  CCR4L. . . . . . . . . . . . . . . .  MEMBER  -----   U_CHAR  00001CH     1
  BKR. . . . . . . . . . . . . . . . .  MEMBER  -----   U_CHAR  00001DH     1
  DTR. . . . . . . . . . . . . . . . .  MEMBER  -----   U_CHAR  00001EH     1
  OISR . . . . . . . . . . . . . . . .  MEMBER  -----   U_CHAR  00001FH     1
TIM2_struct. . . . . . . . . . . . . . * TAG *  ----- STRUCT  -------    21
  CR1. . . . . . . . . . . . . . . . .  MEMBER  -----   U_CHAR  000000H     1
  IER. . . . . . . . . . . . . . . . .  MEMBER  -----   U_CHAR  000001H     1
  SR1. . . . . . . . . . . . . . . . .  MEMBER  -----   U_CHAR  000002H     1
  SR2. . . . . . . . . . . . . . . . .  MEMBER  -----   U_CHAR  000003H     1
  EGR. . . . . . . . . . . . . . . . .  MEMBER  -----   U_CHAR  000004H     1
  CCMR1. . . . . . . . . . . . . . . .  MEMBER  -----   U_CHAR  000005H     1
  CCMR2. . . . . . . . . . . . . . . .  MEMBER  -----   U_CHAR  000006H     1
  CCMR3. . . . . . . . . . . . . . . .  MEMBER  -----   U_CHAR  000007H     1
  CCER1. . . . . . . . . . . . . . . .  MEMBER  -----   U_CHAR  000008H     1
  CCER2. . . . . . . . . . . . . . . .  MEMBER  -----   U_CHAR  000009H     1
  CNTRH. . . . . . . . . . . . . . . .  MEMBER  -----   U_CHAR  00000AH     1
  CNTRL. . . . . . . . . . . . . . . .  MEMBER  -----   U_CHAR  00000BH     1
  PSCR . . . . . . . . . . . . . . . .  MEMBER  -----   U_CHAR  00000CH     1
  ARRH . . . . . . . . . . . . . . . .  MEMBER  -----   U_CHAR  00000DH     1
  ARRL . . . . . . . . . . . . . . . .  MEMBER  -----   U_CHAR  00000EH     1
  CCR1H. . . . . . . . . . . . . . . .  MEMBER  -----   U_CHAR  00000FH     1
  CCR1L. . . . . . . . . . . . . . . .  MEMBER  -----   U_CHAR  000010H     1
  CCR2H. . . . . . . . . . . . . . . .  MEMBER  -----   U_CHAR  000011H     1
  CCR2L. . . . . . . . . . . . . . . .  MEMBER  -----   U_CHAR  000012H     1
  CCR3H. . . . . . . . . . . . . . . .  MEMBER  -----   U_CHAR  000013H     1
  CCR3L. . . . . . . . . . . . . . . .  MEMBER  -----   U_CHAR  000014H     1
TIM2_TypeDef . . . . . . . . . . . . .  TYPEDEF ------- STRUCT   -------    21
  CR1. . . . . . . . . . . . . . . . .  MEMBER  -----   U_CHAR  000000H     1
  IER. . . . . . . . . . . . . . . . .  MEMBER  -----   U_CHAR  000001H     1
  SR1. . . . . . . . . . . . . . . . .  MEMBER  -----   U_CHAR  000002H     1
  SR2. . . . . . . . . . . . . . . . .  MEMBER  -----   U_CHAR  000003H     1
  EGR. . . . . . . . . . . . . . . . .  MEMBER  -----   U_CHAR  000004H     1
  CCMR1. . . . . . . . . . . . . . . .  MEMBER  -----   U_CHAR  000005H     1
  CCMR2. . . . . . . . . . . . . . . .  MEMBER  -----   U_CHAR  000006H     1
  CCMR3. . . . . . . . . . . . . . . .  MEMBER  -----   U_CHAR  000007H     1
  CCER1. . . . . . . . . . . . . . . .  MEMBER  -----   U_CHAR  000008H     1
  CCER2. . . . . . . . . . . . . . . .  MEMBER  -----   U_CHAR  000009H     1
  CNTRH. . . . . . . . . . . . . . . .  MEMBER  -----   U_CHAR  00000AH     1
  CNTRL. . . . . . . . . . . . . . . .  MEMBER  -----   U_CHAR  00000BH     1
  PSCR . . . . . . . . . . . . . . . .  MEMBER  -----   U_CHAR  00000CH     1
  ARRH . . . . . . . . . . . . . . . .  MEMBER  -----   U_CHAR  00000DH     1
  ARRL . . . . . . . . . . . . . . . .  MEMBER  -----   U_CHAR  00000EH     1
  CCR1H. . . . . . . . . . . . . . . .  MEMBER  -----   U_CHAR  00000FH     1
  CCR1L. . . . . . . . . . . . . . . .  MEMBER  -----   U_CHAR  000010H     1
  CCR2H. . . . . . . . . . . . . . . .  MEMBER  -----   U_CHAR  000011H     1
  CCR2L. . . . . . . . . . . . . . . .  MEMBER  -----   U_CHAR  000012H     1
  CCR3H. . . . . . . . . . . . . . . .  MEMBER  -----   U_CHAR  000013H     1
  CCR3L. . . . . . . . . . . . . . . .  MEMBER  -----   U_CHAR  000014H     1
TIM3_struct. . . . . . . . . . . . . . * TAG *  ----- STRUCT  -------    17
  CR1. . . . . . . . . . . . . . . . .  MEMBER  -----   U_CHAR  000000H     1
  IER. . . . . . . . . . . . . . . . .  MEMBER  -----   U_CHAR  000001H     1
  SR1. . . . . . . . . . . . . . . . .  MEMBER  -----   U_CHAR  000002H     1
  SR2. . . . . . . . . . . . . . . . .  MEMBER  -----   U_CHAR  000003H     1
  EGR. . . . . . . . . . . . . . . . .  MEMBER  -----   U_CHAR  000004H     1
  CCMR1. . . . . . . . . . . . . . . .  MEMBER  -----   U_CHAR  000005H     1
  CCMR2. . . . . . . . . . . . . . . .  MEMBER  -----   U_CHAR  000006H     1
  CCER1. . . . . . . . . . . . . . . .  MEMBER  -----   U_CHAR  000007H     1
  CNTRH. . . . . . . . . . . . . . . .  MEMBER  -----   U_CHAR  000008H     1
  CNTRL. . . . . . . . . . . . . . . .  MEMBER  -----   U_CHAR  000009H     1
  PSCR . . . . . . . . . . . . . . . .  MEMBER  -----   U_CHAR  00000AH     1
  ARRH . . . . . . . . . . . . . . . .  MEMBER  -----   U_CHAR  00000BH     1
  ARRL . . . . . . . . . . . . . . . .  MEMBER  -----   U_CHAR  00000CH     1
  CCR1H. . . . . . . . . . . . . . . .  MEMBER  -----   U_CHAR  00000DH     1
  CCR1L. . . . . . . . . . . . . . . .  MEMBER  -----   U_CHAR  00000EH     1
  CCR2H. . . . . . . . . . . . . . . .  MEMBER  -----   U_CHAR  00000FH     1
  CCR2L. . . . . . . . . . . . . . . .  MEMBER  -----   U_CHAR  000010H     1
TIM3_TypeDef . . . . . . . . . . . . .  TYPEDEF ------- STRUCT   -------    17
  CR1. . . . . . . . . . . . . . . . .  MEMBER  -----   U_CHAR  000000H     1
  IER. . . . . . . . . . . . . . . . .  MEMBER  -----   U_CHAR  000001H     1
  SR1. . . . . . . . . . . . . . . . .  MEMBER  -----   U_CHAR  000002H     1
  SR2. . . . . . . . . . . . . . . . .  MEMBER  -----   U_CHAR  000003H     1
  EGR. . . . . . . . . . . . . . . . .  MEMBER  -----   U_CHAR  000004H     1
  CCMR1. . . . . . . . . . . . . . . .  MEMBER  -----   U_CHAR  000005H     1
  CCMR2. . . . . . . . . . . . . . . .  MEMBER  -----   U_CHAR  000006H     1
  CCER1. . . . . . . . . . . . . . . .  MEMBER  -----   U_CHAR  000007H     1
  CNTRH. . . . . . . . . . . . . . . .  MEMBER  -----   U_CHAR  000008H     1
  CNTRL. . . . . . . . . . . . . . . .  MEMBER  -----   U_CHAR  000009H     1
  PSCR . . . . . . . . . . . . . . . .  MEMBER  -----   U_CHAR  00000AH     1
  ARRH . . . . . . . . . . . . . . . .  MEMBER  -----   U_CHAR  00000BH     1
  ARRL . . . . . . . . . . . . . . . .  MEMBER  -----   U_CHAR  00000CH     1
  CCR1H. . . . . . . . . . . . . . . .  MEMBER  -----   U_CHAR  00000DH     1
  CCR1L. . . . . . . . . . . . . . . .  MEMBER  -----   U_CHAR  00000EH     1
  CCR2H. . . . . . . . . . . . . . . .  MEMBER  -----   U_CHAR  00000FH     1
  CCR2L. . . . . . . . . . . . . . . .  MEMBER  -----   U_CHAR  000010H     1
TIM4_struct. . . . . . . . . . . . . . * TAG *  ----- STRUCT  -------     7
  CR1. . . . . . . . . . . . . . . . .  MEMBER  -----   U_CHAR  000000H     1
  IER. . . . . . . . . . . . . . . . .  MEMBER  -----   U_CHAR  000001H     1
  SR1. . . . . . . . . . . . . . . . .  MEMBER  -----   U_CHAR  000002H     1
  EGR. . . . . . . . . . . . . . . . .  MEMBER  -----   U_CHAR  000003H     1
  CNTR . . . . . . . . . . . . . . . .  MEMBER  -----   U_CHAR  000004H     1
  PSCR . . . . . . . . . . . . . . . .  MEMBER  -----   U_CHAR  000005H     1
  ARR. . . . . . . . . . . . . . . . .  MEMBER  -----   U_CHAR  000006H     1
TIM4_TypeDef . . . . . . . . . . . . .  TYPEDEF ------- STRUCT   -------     7
  CR1. . . . . . . . . . . . . . . . .  MEMBER  -----   U_CHAR  000000H     1
  IER. . . . . . . . . . . . . . . . .  MEMBER  -----   U_CHAR  000001H     1
  SR1. . . . . . . . . . . . . . . . .  MEMBER  -----   U_CHAR  000002H     1
  EGR. . . . . . . . . . . . . . . . .  MEMBER  -----   U_CHAR  000003H     1
  CNTR . . . . . . . . . . . . . . . .  MEMBER  -----   U_CHAR  000004H     1
  PSCR . . . . . . . . . . . . . . . .  MEMBER  -----   U_CHAR  000005H     1
  ARR. . . . . . . . . . . . . . . . .  MEMBER  -----   U_CHAR  000006H     1
TIM5_struct. . . . . . . . . . . . . . * TAG *  ----- STRUCT  -------    23
  CR1. . . . . . . . . . . . . . . . .  MEMBER  -----   U_CHAR  000000H     1
  CR2. . . . . . . . . . . . . . . . .  MEMBER  -----   U_CHAR  000001H     1
  SMCR . . . . . . . . . . . . . . . .  MEMBER  -----   U_CHAR  000002H     1
  IER. . . . . . . . . . . . . . . . .  MEMBER  -----   U_CHAR  000003H     1
  SR1. . . . . . . . . . . . . . . . .  MEMBER  -----   U_CHAR  000004H     1
  SR2. . . . . . . . . . . . . . . . .  MEMBER  -----   U_CHAR  000005H     1
  EGR. . . . . . . . . . . . . . . . .  MEMBER  -----   U_CHAR  000006H     1
  CCMR1. . . . . . . . . . . . . . . .  MEMBER  -----   U_CHAR  000007H     1
  CCMR2. . . . . . . . . . . . . . . .  MEMBER  -----   U_CHAR  000008H     1
  CCMR3. . . . . . . . . . . . . . . .  MEMBER  -----   U_CHAR  000009H     1
  CCER1. . . . . . . . . . . . . . . .  MEMBER  -----   U_CHAR  00000AH     1
  CCER2. . . . . . . . . . . . . . . .  MEMBER  -----   U_CHAR  00000BH     1
  CNTRH. . . . . . . . . . . . . . . .  MEMBER  -----   U_CHAR  00000CH     1
  CNTRL. . . . . . . . . . . . . . . .  MEMBER  -----   U_CHAR  00000DH     1
  PSCR . . . . . . . . . . . . . . . .  MEMBER  -----   U_CHAR  00000EH     1
  ARRH . . . . . . . . . . . . . . . .  MEMBER  -----   U_CHAR  00000FH     1
  ARRL . . . . . . . . . . . . . . . .  MEMBER  -----   U_CHAR  000010H     1
  CCR1H. . . . . . . . . . . . . . . .  MEMBER  -----   U_CHAR  000011H     1
  CCR1L. . . . . . . . . . . . . . . .  MEMBER  -----   U_CHAR  000012H     1
  CCR2H. . . . . . . . . . . . . . . .  MEMBER  -----   U_CHAR  000013H     1
  CCR2L. . . . . . . . . . . . . . . .  MEMBER  -----   U_CHAR  000014H     1
  CCR3H. . . . . . . . . . . . . . . .  MEMBER  -----   U_CHAR  000015H     1
  CCR3L. . . . . . . . . . . . . . . .  MEMBER  -----   U_CHAR  000016H     1
TIM5_TypeDef . . . . . . . . . . . . .  TYPEDEF ------- STRUCT   -------    23
  CR1. . . . . . . . . . . . . . . . .  MEMBER  -----   U_CHAR  000000H     1
  CR2. . . . . . . . . . . . . . . . .  MEMBER  -----   U_CHAR  000001H     1
  SMCR . . . . . . . . . . . . . . . .  MEMBER  -----   U_CHAR  000002H     1
  IER. . . . . . . . . . . . . . . . .  MEMBER  -----   U_CHAR  000003H     1
  SR1. . . . . . . . . . . . . . . . .  MEMBER  -----   U_CHAR  000004H     1
  SR2. . . . . . . . . . . . . . . . .  MEMBER  -----   U_CHAR  000005H     1
  EGR. . . . . . . . . . . . . . . . .  MEMBER  -----   U_CHAR  000006H     1
  CCMR1. . . . . . . . . . . . . . . .  MEMBER  -----   U_CHAR  000007H     1
  CCMR2. . . . . . . . . . . . . . . .  MEMBER  -----   U_CHAR  000008H     1
  CCMR3. . . . . . . . . . . . . . . .  MEMBER  -----   U_CHAR  000009H     1
  CCER1. . . . . . . . . . . . . . . .  MEMBER  -----   U_CHAR  00000AH     1
  CCER2. . . . . . . . . . . . . . . .  MEMBER  -----   U_CHAR  00000BH     1
  CNTRH. . . . . . . . . . . . . . . .  MEMBER  -----   U_CHAR  00000CH     1
  CNTRL. . . . . . . . . . . . . . . .  MEMBER  -----   U_CHAR  00000DH     1
  PSCR . . . . . . . . . . . . . . . .  MEMBER  -----   U_CHAR  00000EH     1
  ARRH . . . . . . . . . . . . . . . .  MEMBER  -----   U_CHAR  00000FH     1
  ARRL . . . . . . . . . . . . . . . .  MEMBER  -----   U_CHAR  000010H     1
  CCR1H. . . . . . . . . . . . . . . .  MEMBER  -----   U_CHAR  000011H     1
  CCR1L. . . . . . . . . . . . . . . .  MEMBER  -----   U_CHAR  000012H     1
  CCR2H. . . . . . . . . . . . . . . .  MEMBER  -----   U_CHAR  000013H     1
  CCR2L. . . . . . . . . . . . . . . .  MEMBER  -----   U_CHAR  000014H     1
  CCR3H. . . . . . . . . . . . . . . .  MEMBER  -----   U_CHAR  000015H     1
  CCR3L. . . . . . . . . . . . . . . .  MEMBER  -----   U_CHAR  000016H     1
TIM6_struct. . . . . . . . . . . . . . * TAG *  ----- STRUCT  -------     9
  CR1. . . . . . . . . . . . . . . . .  MEMBER  -----   U_CHAR  000000H     1
  CR2. . . . . . . . . . . . . . . . .  MEMBER  -----   U_CHAR  000001H     1
  SMCR . . . . . . . . . . . . . . . .  MEMBER  -----   U_CHAR  000002H     1
  IER. . . . . . . . . . . . . . . . .  MEMBER  -----   U_CHAR  000003H     1
  SR1. . . . . . . . . . . . . . . . .  MEMBER  -----   U_CHAR  000004H     1
  EGR. . . . . . . . . . . . . . . . .  MEMBER  -----   U_CHAR  000005H     1
  CNTR . . . . . . . . . . . . . . . .  MEMBER  -----   U_CHAR  000006H     1
  PSCR . . . . . . . . . . . . . . . .  MEMBER  -----   U_CHAR  000007H     1
  ARR. . . . . . . . . . . . . . . . .  MEMBER  -----   U_CHAR  000008H     1
TIM6_TypeDef . . . . . . . . . . . . .  TYPEDEF ------- STRUCT   -------     9
  CR1. . . . . . . . . . . . . . . . .  MEMBER  -----   U_CHAR  000000H     1
  CR2. . . . . . . . . . . . . . . . .  MEMBER  -----   U_CHAR  000001H     1
  SMCR . . . . . . . . . . . . . . . .  MEMBER  -----   U_CHAR  000002H     1
  IER. . . . . . . . . . . . . . . . .  MEMBER  -----   U_CHAR  000003H     1
  SR1. . . . . . . . . . . . . . . . .  MEMBER  -----   U_CHAR  000004H     1
  EGR. . . . . . . . . . . . . . . . .  MEMBER  -----   U_CHAR  000005H     1
  CNTR . . . . . . . . . . . . . . . .  MEMBER  -----   U_CHAR  000006H     1
  PSCR . . . . . . . . . . . . . . . .  MEMBER  -----   U_CHAR  000007H     1
  ARR. . . . . . . . . . . . . . . . .  MEMBER  -----   U_CHAR  000008H     1
I2C_struct . . . . . . . . . . . . . . * TAG *  ----- STRUCT  -------    15
  CR1. . . . . . . . . . . . . . . . .  MEMBER  -----   U_CHAR  000000H     1
  CR2. . . . . . . . . . . . . . . . .  MEMBER  -----   U_CHAR  000001H     1
  FREQR. . . . . . . . . . . . . . . .  MEMBER  -----   U_CHAR  000002H     1
  OARL . . . . . . . . . . . . . . . .  MEMBER  -----   U_CHAR  000003H     1
  OARH . . . . . . . . . . . . . . . .  MEMBER  -----   U_CHAR  000004H     1
  RESERVED1. . . . . . . . . . . . . .  MEMBER  -----   U_CHAR  000005H     1
  DR . . . . . . . . . . . . . . . . .  MEMBER  -----   U_CHAR  000006H     1
  SR1. . . . . . . . . . . . . . . . .  MEMBER  -----   U_CHAR  000007H     1
  SR2. . . . . . . . . . . . . . . . .  MEMBER  -----   U_CHAR  000008H     1
  SR3. . . . . . . . . . . . . . . . .  MEMBER  -----   U_CHAR  000009H     1
  ITR. . . . . . . . . . . . . . . . .  MEMBER  -----   U_CHAR  00000AH     1
  CCRL . . . . . . . . . . . . . . . .  MEMBER  -----   U_CHAR  00000BH     1
  CCRH . . . . . . . . . . . . . . . .  MEMBER  -----   U_CHAR  00000CH     1
  TRISER . . . . . . . . . . . . . . .  MEMBER  -----   U_CHAR  00000DH     1
  RESERVED2. . . . . . . . . . . . . .  MEMBER  -----   U_CHAR  00000EH     1
I2C_TypeDef. . . . . . . . . . . . . .  TYPEDEF ------- STRUCT   -------    15
  CR1. . . . . . . . . . . . . . . . .  MEMBER  -----   U_CHAR  000000H     1
  CR2. . . . . . . . . . . . . . . . .  MEMBER  -----   U_CHAR  000001H     1
  FREQR. . . . . . . . . . . . . . . .  MEMBER  -----   U_CHAR  000002H     1
  OARL . . . . . . . . . . . . . . . .  MEMBER  -----   U_CHAR  000003H     1
  OARH . . . . . . . . . . . . . . . .  MEMBER  -----   U_CHAR  000004H     1
  RESERVED1. . . . . . . . . . . . . .  MEMBER  -----   U_CHAR  000005H     1
  DR . . . . . . . . . . . . . . . . .  MEMBER  -----   U_CHAR  000006H     1
  SR1. . . . . . . . . . . . . . . . .  MEMBER  -----   U_CHAR  000007H     1
  SR2. . . . . . . . . . . . . . . . .  MEMBER  -----   U_CHAR  000008H     1
  SR3. . . . . . . . . . . . . . . . .  MEMBER  -----   U_CHAR  000009H     1
  ITR. . . . . . . . . . . . . . . . .  MEMBER  -----   U_CHAR  00000AH     1
  CCRL . . . . . . . . . . . . . . . .  MEMBER  -----   U_CHAR  00000BH     1
  CCRH . . . . . . . . . . . . . . . .  MEMBER  -----   U_CHAR  00000CH     1
  TRISER . . . . . . . . . . . . . . .  MEMBER  -----   U_CHAR  00000DH     1
  RESERVED2. . . . . . . . . . . . . .  MEMBER  -----   U_CHAR  00000EH     1
ITC_struct . . . . . . . . . . . . . . * TAG *  ----- STRUCT  -------     8
  ISPR1. . . . . . . . . . . . . . . .  MEMBER  -----   U_CHAR  000000H     1
  ISPR2. . . . . . . . . . . . . . . .  MEMBER  -----   U_CHAR  000001H     1
  ISPR3. . . . . . . . . . . . . . . .  MEMBER  -----   U_CHAR  000002H     1
  ISPR4. . . . . . . . . . . . . . . .  MEMBER  -----   U_CHAR  000003H     1
  ISPR5. . . . . . . . . . . . . . . .  MEMBER  -----   U_CHAR  000004H     1
  ISPR6. . . . . . . . . . . . . . . .  MEMBER  -----   U_CHAR  000005H     1
  ISPR7. . . . . . . . . . . . . . . .  MEMBER  -----   U_CHAR  000006H     1
  ISPR8. . . . . . . . . . . . . . . .  MEMBER  -----   U_CHAR  000007H     1
ITC_TypeDef. . . . . . . . . . . . . .  TYPEDEF ------- STRUCT   -------     8
  ISPR1. . . . . . . . . . . . . . . .  MEMBER  -----   U_CHAR  000000H     1
  ISPR2. . . . . . . . . . . . . . . .  MEMBER  -----   U_CHAR  000001H     1
  ISPR3. . . . . . . . . . . . . . . .  MEMBER  -----   U_CHAR  000002H     1
  ISPR4. . . . . . . . . . . . . . . .  MEMBER  -----   U_CHAR  000003H     1
  ISPR5. . . . . . . . . . . . . . . .  MEMBER  -----   U_CHAR  000004H     1
  ISPR6. . . . . . . . . . . . . . . .  MEMBER  -----   U_CHAR  000005H     1
  ISPR7. . . . . . . . . . . . . . . .  MEMBER  -----   U_CHAR  000006H     1
  ISPR8. . . . . . . . . . . . . . . .  MEMBER  -----   U_CHAR  000007H     1
EXTI_struct. . . . . . . . . . . . . . * TAG *  ----- STRUCT  -------     2
  CR1. . . . . . . . . . . . . . . . .  MEMBER  -----   U_CHAR  000000H     1
  CR2. . . . . . . . . . . . . . . . .  MEMBER  -----   U_CHAR  000001H     1
EXTI_TypeDef . . . . . . . . . . . . .  TYPEDEF ------- STRUCT   -------     2
  CR1. . . . . . . . . . . . . . . . .  MEMBER  -----   U_CHAR  000000H     1
  CR2. . . . . . . . . . . . . . . . .  MEMBER  -----   U_CHAR  000001H     1
FLASH_struct . . . . . . . . . . . . . * TAG *  ----- STRUCT  -------    11
  CR1. . . . . . . . . . . . . . . . .  MEMBER  -----   U_CHAR  000000H     1
  CR2. . . . . . . . . . . . . . . . .  MEMBER  -----   U_CHAR  000001H     1
  NCR2 . . . . . . . . . . . . . . . .  MEMBER  -----   U_CHAR  000002H     1
  FPR. . . . . . . . . . . . . . . . .  MEMBER  -----   U_CHAR  000003H     1
  NFPR . . . . . . . . . . . . . . . .  MEMBER  -----   U_CHAR  000004H     1
  IAPSR. . . . . . . . . . . . . . . .  MEMBER  -----   U_CHAR  000005H     1
  RESERVED1. . . . . . . . . . . . . .  MEMBER  -----   U_CHAR  000006H     1
  RESERVED2. . . . . . . . . . . . . .  MEMBER  -----   U_CHAR  000007H     1
  PUKR . . . . . . . . . . . . . . . .  MEMBER  -----   U_CHAR  000008H     1
  RESERVED3. . . . . . . . . . . . . .  MEMBER  -----   U_CHAR  000009H     1
  DUKR . . . . . . . . . . . . . . . .  MEMBER  -----   U_CHAR  00000AH     1
FLASH_TypeDef. . . . . . . . . . . . .  TYPEDEF ------- STRUCT   -------    11
  CR1. . . . . . . . . . . . . . . . .  MEMBER  -----   U_CHAR  000000H     1
  CR2. . . . . . . . . . . . . . . . .  MEMBER  -----   U_CHAR  000001H     1
  NCR2 . . . . . . . . . . . . . . . .  MEMBER  -----   U_CHAR  000002H     1
  FPR. . . . . . . . . . . . . . . . .  MEMBER  -----   U_CHAR  000003H     1
  NFPR . . . . . . . . . . . . . . . .  MEMBER  -----   U_CHAR  000004H     1
  IAPSR. . . . . . . . . . . . . . . .  MEMBER  -----   U_CHAR  000005H     1
  RESERVED1. . . . . . . . . . . . . .  MEMBER  -----   U_CHAR  000006H     1
  RESERVED2. . . . . . . . . . . . . .  MEMBER  -----   U_CHAR  000007H     1
  PUKR . . . . . . . . . . . . . . . .  MEMBER  -----   U_CHAR  000008H     1
  RESERVED3. . . . . . . . . . . . . .  MEMBER  -----   U_CHAR  000009H     1
  DUKR . . . . . . . . . . . . . . . .  MEMBER  -----   U_CHAR  00000AH     1
OPT_struct . . . . . . . . . . . . . . * TAG *  ----- STRUCT  -------    15
  OPT0 . . . . . . . . . . . . . . . .  MEMBER  -----   U_CHAR  000000H     1
  OPT1 . . . . . . . . . . . . . . . .  MEMBER  -----   U_CHAR  000001H     1
  NOPT1. . . . . . . . . . . . . . . .  MEMBER  -----   U_CHAR  000002H     1
  OPT2 . . . . . . . . . . . . . . . .  MEMBER  -----   U_CHAR  000003H     1
  NOPT2. . . . . . . . . . . . . . . .  MEMBER  -----   U_CHAR  000004H     1
  OPT3 . . . . . . . . . . . . . . . .  MEMBER  -----   U_CHAR  000005H     1
  NOPT3. . . . . . . . . . . . . . . .  MEMBER  -----   U_CHAR  000006H     1
  OPT4 . . . . . . . . . . . . . . . .  MEMBER  -----   U_CHAR  000007H     1
  NOPT4. . . . . . . . . . . . . . . .  MEMBER  -----   U_CHAR  000008H     1
  OPT5 . . . . . . . . . . . . . . . .  MEMBER  -----   U_CHAR  000009H     1
  NOPT5. . . . . . . . . . . . . . . .  MEMBER  -----   U_CHAR  00000AH     1
  RESERVED1. . . . . . . . . . . . . .  MEMBER  -----   U_CHAR  00000BH     1
  RESERVED2. . . . . . . . . . . . . .  MEMBER  -----   U_CHAR  00000CH     1
  OPT7 . . . . . . . . . . . . . . . .  MEMBER  -----   U_CHAR  00000DH     1
  NOPT7. . . . . . . . . . . . . . . .  MEMBER  -----   U_CHAR  00000EH     1
OPT_TypeDef. . . . . . . . . . . . . .  TYPEDEF ------- STRUCT   -------    15
  OPT0 . . . . . . . . . . . . . . . .  MEMBER  -----   U_CHAR  000000H     1
  OPT1 . . . . . . . . . . . . . . . .  MEMBER  -----   U_CHAR  000001H     1
  NOPT1. . . . . . . . . . . . . . . .  MEMBER  -----   U_CHAR  000002H     1
  OPT2 . . . . . . . . . . . . . . . .  MEMBER  -----   U_CHAR  000003H     1
  NOPT2. . . . . . . . . . . . . . . .  MEMBER  -----   U_CHAR  000004H     1
  OPT3 . . . . . . . . . . . . . . . .  MEMBER  -----   U_CHAR  000005H     1
  NOPT3. . . . . . . . . . . . . . . .  MEMBER  -----   U_CHAR  000006H     1
  OPT4 . . . . . . . . . . . . . . . .  MEMBER  -----   U_CHAR  000007H     1
  NOPT4. . . . . . . . . . . . . . . .  MEMBER  -----   U_CHAR  000008H     1
  OPT5 . . . . . . . . . . . . . . . .  MEMBER  -----   U_CHAR  000009H     1
  NOPT5. . . . . . . . . . . . . . . .  MEMBER  -----   U_CHAR  00000AH     1
  RESERVED1. . . . . . . . . . . . . .  MEMBER  -----   U_CHAR  00000BH     1
  RESERVED2. . . . . . . . . . . . . .  MEMBER  -----   U_CHAR  00000CH     1
  OPT7 . . . . . . . . . . . . . . . .  MEMBER  -----   U_CHAR  00000DH     1
  NOPT7. . . . . . . . . . . . . . . .  MEMBER  -----   U_CHAR  00000EH     1
IWDG_struct. . . . . . . . . . . . . . * TAG *  ----- STRUCT  -------     3
  KR . . . . . . . . . . . . . . . . .  MEMBER  -----   U_CHAR  000000H     1
  PR . . . . . . . . . . . . . . . . .  MEMBER  -----   U_CHAR  000001H     1
  RLR. . . . . . . . . . . . . . . . .  MEMBER  -----   U_CHAR  000002H     1
IWDG_TypeDef . . . . . . . . . . . . .  TYPEDEF ------- STRUCT   -------     3
  KR . . . . . . . . . . . . . . . . .  MEMBER  -----   U_CHAR  000000H     1
  PR . . . . . . . . . . . . . . . . .  MEMBER  -----   U_CHAR  000001H     1
  RLR. . . . . . . . . . . . . . . . .  MEMBER  -----   U_CHAR  000002H     1
WWDG_struct. . . . . . . . . . . . . . * TAG *  ----- STRUCT  -------     2
  CR . . . . . . . . . . . . . . . . .  MEMBER  -----   U_CHAR  000000H     1
  WR . . . . . . . . . . . . . . . . .  MEMBER  -----   U_CHAR  000001H     1
WWDG_TypeDef . . . . . . . . . . . . .  TYPEDEF ------- STRUCT   -------     2
  CR . . . . . . . . . . . . . . . . .  MEMBER  -----   U_CHAR  000000H     1
  WR . . . . . . . . . . . . . . . . .  MEMBER  -----   U_CHAR  000001H     1
RST_struct . . . . . . . . . . . . . . * TAG *  ----- STRUCT  -------     1
  SR . . . . . . . . . . . . . . . . .  MEMBER  -----   U_CHAR  000000H     1
RST_TypeDef. . . . . . . . . . . . . .  TYPEDEF ------- STRUCT   -------     1
  SR . . . . . . . . . . . . . . . . .  MEMBER  -----   U_CHAR  000000H     1
SPI_struct . . . . . . . . . . . . . . * TAG *  ----- STRUCT  -------     8
  CR1. . . . . . . . . . . . . . . . .  MEMBER  -----   U_CHAR  000000H     1
  CR2. . . . . . . . . . . . . . . . .  MEMBER  -----   U_CHAR  000001H     1
  ICR. . . . . . . . . . . . . . . . .  MEMBER  -----   U_CHAR  000002H     1
  SR . . . . . . . . . . . . . . . . .  MEMBER  -----   U_CHAR  000003H     1
  DR . . . . . . . . . . . . . . . . .  MEMBER  -----   U_CHAR  000004H     1
  CRCPR. . . . . . . . . . . . . . . .  MEMBER  -----   U_CHAR  000005H     1
  RXCRCR . . . . . . . . . . . . . . .  MEMBER  -----   U_CHAR  000006H     1
  TXCRCR . . . . . . . . . . . . . . .  MEMBER  -----   U_CHAR  000007H     1
SPI_TypeDef. . . . . . . . . . . . . .  TYPEDEF ------- STRUCT   -------     8
  CR1. . . . . . . . . . . . . . . . .  MEMBER  -----   U_CHAR  000000H     1
  CR2. . . . . . . . . . . . . . . . .  MEMBER  -----   U_CHAR  000001H     1
  ICR. . . . . . . . . . . . . . . . .  MEMBER  -----   U_CHAR  000002H     1
  SR . . . . . . . . . . . . . . . . .  MEMBER  -----   U_CHAR  000003H     1
  DR . . . . . . . . . . . . . . . . .  MEMBER  -----   U_CHAR  000004H     1
  CRCPR. . . . . . . . . . . . . . . .  MEMBER  -----   U_CHAR  000005H     1
  RXCRCR . . . . . . . . . . . . . . .  MEMBER  -----   U_CHAR  000006H     1
  TXCRCR . . . . . . . . . . . . . . .  MEMBER  -----   U_CHAR  000007H     1
UART1_struct . . . . . . . . . . . . . * TAG *  ----- STRUCT  -------    11
  SR . . . . . . . . . . . . . . . . .  MEMBER  -----   U_CHAR  000000H     1
  DR . . . . . . . . . . . . . . . . .  MEMBER  -----   U_CHAR  000001H     1
  BRR1 . . . . . . . . . . . . . . . .  MEMBER  -----   U_CHAR  000002H     1
  BRR2 . . . . . . . . . . . . . . . .  MEMBER  -----   U_CHAR  000003H     1
  CR1. . . . . . . . . . . . . . . . .  MEMBER  -----   U_CHAR  000004H     1
  CR2. . . . . . . . . . . . . . . . .  MEMBER  -----   U_CHAR  000005H     1
  CR3. . . . . . . . . . . . . . . . .  MEMBER  -----   U_CHAR  000006H     1
  CR4. . . . . . . . . . . . . . . . .  MEMBER  -----   U_CHAR  000007H     1
  CR5. . . . . . . . . . . . . . . . .  MEMBER  -----   U_CHAR  000008H     1
  GTR. . . . . . . . . . . . . . . . .  MEMBER  -----   U_CHAR  000009H     1
  PSCR . . . . . . . . . . . . . . . .  MEMBER  -----   U_CHAR  00000AH     1
UART1_TypeDef. . . . . . . . . . . . .  TYPEDEF ------- STRUCT   -------    11
  SR . . . . . . . . . . . . . . . . .  MEMBER  -----   U_CHAR  000000H     1
  DR . . . . . . . . . . . . . . . . .  MEMBER  -----   U_CHAR  000001H     1
  BRR1 . . . . . . . . . . . . . . . .  MEMBER  -----   U_CHAR  000002H     1
  BRR2 . . . . . . . . . . . . . . . .  MEMBER  -----   U_CHAR  000003H     1
  CR1. . . . . . . . . . . . . . . . .  MEMBER  -----   U_CHAR  000004H     1
  CR2. . . . . . . . . . . . . . . . .  MEMBER  -----   U_CHAR  000005H     1
  CR3. . . . . . . . . . . . . . . . .  MEMBER  -----   U_CHAR  000006H     1
  CR4. . . . . . . . . . . . . . . . .  MEMBER  -----   U_CHAR  000007H     1
  CR5. . . . . . . . . . . . . . . . .  MEMBER  -----   U_CHAR  000008H     1
  GTR. . . . . . . . . . . . . . . . .  MEMBER  -----   U_CHAR  000009H     1
  PSCR . . . . . . . . . . . . . . . .  MEMBER  -----   U_CHAR  00000AH     1
UART2_struct . . . . . . . . . . . . . * TAG *  ----- STRUCT  -------    12
  SR . . . . . . . . . . . . . . . . .  MEMBER  -----   U_CHAR  000000H     1
  DR . . . . . . . . . . . . . . . . .  MEMBER  -----   U_CHAR  000001H     1
  BRR1 . . . . . . . . . . . . . . . .  MEMBER  -----   U_CHAR  000002H     1
  BRR2 . . . . . . . . . . . . . . . .  MEMBER  -----   U_CHAR  000003H     1
  CR1. . . . . . . . . . . . . . . . .  MEMBER  -----   U_CHAR  000004H     1
  CR2. . . . . . . . . . . . . . . . .  MEMBER  -----   U_CHAR  000005H     1
  CR3. . . . . . . . . . . . . . . . .  MEMBER  -----   U_CHAR  000006H     1
  CR4. . . . . . . . . . . . . . . . .  MEMBER  -----   U_CHAR  000007H     1
  CR5. . . . . . . . . . . . . . . . .  MEMBER  -----   U_CHAR  000008H     1
  CR6. . . . . . . . . . . . . . . . .  MEMBER  -----   U_CHAR  000009H     1
  GTR. . . . . . . . . . . . . . . . .  MEMBER  -----   U_CHAR  00000AH     1
  PSCR . . . . . . . . . . . . . . . .  MEMBER  -----   U_CHAR  00000BH     1
UART2_TypeDef. . . . . . . . . . . . .  TYPEDEF ------- STRUCT   -------    12
  SR . . . . . . . . . . . . . . . . .  MEMBER  -----   U_CHAR  000000H     1
  DR . . . . . . . . . . . . . . . . .  MEMBER  -----   U_CHAR  000001H     1
  BRR1 . . . . . . . . . . . . . . . .  MEMBER  -----   U_CHAR  000002H     1
  BRR2 . . . . . . . . . . . . . . . .  MEMBER  -----   U_CHAR  000003H     1
  CR1. . . . . . . . . . . . . . . . .  MEMBER  -----   U_CHAR  000004H     1
  CR2. . . . . . . . . . . . . . . . .  MEMBER  -----   U_CHAR  000005H     1
  CR3. . . . . . . . . . . . . . . . .  MEMBER  -----   U_CHAR  000006H     1
  CR4. . . . . . . . . . . . . . . . .  MEMBER  -----   U_CHAR  000007H     1
  CR5. . . . . . . . . . . . . . . . .  MEMBER  -----   U_CHAR  000008H     1
  CR6. . . . . . . . . . . . . . . . .  MEMBER  -----   U_CHAR  000009H     1
  GTR. . . . . . . . . . . . . . . . .  MEMBER  -----   U_CHAR  00000AH     1
  PSCR . . . . . . . . . . . . . . . .  MEMBER  -----   U_CHAR  00000BH     1
UART3_struct . . . . . . . . . . . . . * TAG *  ----- STRUCT  -------    10
  SR . . . . . . . . . . . . . . . . .  MEMBER  -----   U_CHAR  000000H     1
  DR . . . . . . . . . . . . . . . . .  MEMBER  -----   U_CHAR  000001H     1
  BRR1 . . . . . . . . . . . . . . . .  MEMBER  -----   U_CHAR  000002H     1
  BRR2 . . . . . . . . . . . . . . . .  MEMBER  -----   U_CHAR  000003H     1
  CR1. . . . . . . . . . . . . . . . .  MEMBER  -----   U_CHAR  000004H     1
  CR2. . . . . . . . . . . . . . . . .  MEMBER  -----   U_CHAR  000005H     1
  CR3. . . . . . . . . . . . . . . . .  MEMBER  -----   U_CHAR  000006H     1
  CR4. . . . . . . . . . . . . . . . .  MEMBER  -----   U_CHAR  000007H     1
  RESERVED . . . . . . . . . . . . . .  MEMBER  -----   U_CHAR  000008H     1
  CR6. . . . . . . . . . . . . . . . .  MEMBER  -----   U_CHAR  000009H     1
UART3_TypeDef. . . . . . . . . . . . .  TYPEDEF ------- STRUCT   -------    10
  SR . . . . . . . . . . . . . . . . .  MEMBER  -----   U_CHAR  000000H     1
  DR . . . . . . . . . . . . . . . . .  MEMBER  -----   U_CHAR  000001H     1
  BRR1 . . . . . . . . . . . . . . . .  MEMBER  -----   U_CHAR  000002H     1
  BRR2 . . . . . . . . . . . . . . . .  MEMBER  -----   U_CHAR  000003H     1
  CR1. . . . . . . . . . . . . . . . .  MEMBER  -----   U_CHAR  000004H     1
  CR2. . . . . . . . . . . . . . . . .  MEMBER  -----   U_CHAR  000005H     1
  CR3. . . . . . . . . . . . . . . . .  MEMBER  -----   U_CHAR  000006H     1
  CR4. . . . . . . . . . . . . . . . .  MEMBER  -----   U_CHAR  000007H     1
  RESERVED . . . . . . . . . . . . . .  MEMBER  -----   U_CHAR  000008H     1
  CR6. . . . . . . . . . . . . . . . .  MEMBER  -----   U_CHAR  000009H     1
CAN_TypeDef. . . . . . . . . . . . . .  TYPEDEF ------- STRUCT   -------    24
  MCR. . . . . . . . . . . . . . . . .  MEMBER  -----   U_CHAR  000000H     1
  MSR. . . . . . . . . . . . . . . . .  MEMBER  -----   U_CHAR  000001H     1
  TSR. . . . . . . . . . . . . . . . .  MEMBER  -----   U_CHAR  000002H     1
  TPR. . . . . . . . . . . . . . . . .  MEMBER  -----   U_CHAR  000003H     1
  RFR. . . . . . . . . . . . . . . . .  MEMBER  -----   U_CHAR  000004H     1
  IER. . . . . . . . . . . . . . . . .  MEMBER  -----   U_CHAR  000005H     1
  DGR. . . . . . . . . . . . . . . . .  MEMBER  -----   U_CHAR  000006H     1
  PSR. . . . . . . . . . . . . . . . .  MEMBER  -----   U_CHAR  000007H     1
  Page . . . . . . . . . . . . . . . .  MEMBER  -----   UNION   000008H    16
CFG_struct . . . . . . . . . . . . . . * TAG *  ----- STRUCT  -------     1
  GCR. . . . . . . . . . . . . . . . .  MEMBER  -----   U_CHAR  000000H     1
CFG_TypeDef. . . . . . . . . . . . . .  TYPEDEF ------- STRUCT   -------     1
  GCR. . . . . . . . . . . . . . . . .  MEMBER  -----   U_CHAR  000000H     1
CLK_SWITCHMODE_MANUAL. . . . . . . . . E_CONST  ----- INT      -------  2
CLK_SWITCHMODE_AUTO. . . . . . . . . . E_CONST  ----- INT      -------  2
CLK_SwitchMode_TypeDef . . . . . . . .  TYPEDEF ------- INT   -------     2
CLK_CURRENTCLOCKSTATE_DISABLE. . . . . E_CONST  ----- INT      -------  2
CLK_CURRENTCLOCKSTATE_ENABLE . . . . . E_CONST  ----- INT      -------  2
CLK_CurrentClockState_TypeDef. . . . .  TYPEDEF ------- INT   -------     2
CLK_CSSCONFIG_ENABLEWITHIT . . . . . . E_CONST  ----- INT      -------  2
CLK_CSSCONFIG_ENABLE . . . . . . . . . E_CONST  ----- INT      -------  2
CLK_CSSCONFIG_DISABLE. . . . . . . . . E_CONST  ----- INT      -------  2
CLK_CSSConfig_TypeDef. . . . . . . . .  TYPEDEF ------- INT   -------     2
CLK_SOURCE_HSI . . . . . . . . . . . . E_CONST  ----- INT      -------  2
CLK_SOURCE_LSI . . . . . . . . . . . . E_CONST  ----- INT      -------  2
CLK_SOURCE_HSE . . . . . . . . . . . . E_CONST  ----- INT      -------  2
CLK_Source_TypeDef . . . . . . . . . .  TYPEDEF ------- INT   -------     2
CLK_HSITRIMVALUE_0 . . . . . . . . . . E_CONST  ----- INT      -------  2
CLK_HSITRIMVALUE_1 . . . . . . . . . . E_CONST  ----- INT      -------  2
CLK_HSITRIMVALUE_2 . . . . . . . . . . E_CONST  ----- INT      -------  2
CLK_HSITRIMVALUE_3 . . . . . . . . . . E_CONST  ----- INT      -------  2
CLK_HSITRIMVALUE_4 . . . . . . . . . . E_CONST  ----- INT      -------  2
CLK_HSITRIMVALUE_5 . . . . . . . . . . E_CONST  ----- INT      -------  2
CLK_HSITRIMVALUE_6 . . . . . . . . . . E_CONST  ----- INT      -------  2
CLK_HSITRIMVALUE_7 . . . . . . . . . . E_CONST  ----- INT      -------  2
CLK_HSITrimValue_TypeDef . . . . . . .  TYPEDEF ------- INT   -------     2
CLK_OUTPUT_HSI . . . . . . . . . . . . E_CONST  ----- INT      -------  2
CLK_OUTPUT_LSI . . . . . . . . . . . . E_CONST  ----- INT      -------  2
CLK_OUTPUT_HSE . . . . . . . . . . . . E_CONST  ----- INT      -------  2
CLK_OUTPUT_CPU . . . . . . . . . . . . E_CONST  ----- INT      -------  2
CLK_OUTPUT_CPUDIV2 . . . . . . . . . . E_CONST  ----- INT      -------  2
CLK_OUTPUT_CPUDIV4 . . . . . . . . . . E_CONST  ----- INT      -------  2
CLK_OUTPUT_CPUDIV8 . . . . . . . . . . E_CONST  ----- INT      -------  2
CLK_OUTPUT_CPUDIV16. . . . . . . . . . E_CONST  ----- INT      -------  2
CLK_OUTPUT_CPUDIV32. . . . . . . . . . E_CONST  ----- INT      -------  2
CLK_OUTPUT_CPUDIV64. . . . . . . . . . E_CONST  ----- INT      -------  2
CLK_OUTPUT_HSIRC . . . . . . . . . . . E_CONST  ----- INT      -------  2
CLK_OUTPUT_MASTER. . . . . . . . . . . E_CONST  ----- INT      -------  2
CLK_OUTPUT_OTHERS. . . . . . . . . . . E_CONST  ----- INT      -------  2
CLK_Output_TypeDef . . . . . . . . . .  TYPEDEF ------- INT   -------     2
CLK_PERIPHERAL_I2C . . . . . . . . . . E_CONST  ----- INT      -------  2
CLK_PERIPHERAL_SPI . . . . . . . . . . E_CONST  ----- INT      -------  2
CLK_PERIPHERAL_UART1 . . . . . . . . . E_CONST  ----- INT      -------  2
CLK_PERIPHERAL_UART2 . . . . . . . . . E_CONST  ----- INT      -------  2
CLK_PERIPHERAL_UART3 . . . . . . . . . E_CONST  ----- INT      -------  2
CLK_PERIPHERAL_TIMER6. . . . . . . . . E_CONST  ----- INT      -------  2
CLK_PERIPHERAL_TIMER4. . . . . . . . . E_CONST  ----- INT      -------  2
CLK_PERIPHERAL_TIMER5. . . . . . . . . E_CONST  ----- INT      -------  2
CLK_PERIPHERAL_TIMER2. . . . . . . . . E_CONST  ----- INT      -------  2
CLK_PERIPHERAL_TIMER3. . . . . . . . . E_CONST  ----- INT      -------  2
CLK_PERIPHERAL_TIMER1. . . . . . . . . E_CONST  ----- INT      -------  2
CLK_PERIPHERAL_AWU . . . . . . . . . . E_CONST  ----- INT      -------  2
CLK_PERIPHERAL_ADC . . . . . . . . . . E_CONST  ----- INT      -------  2
CLK_PERIPHERAL_CAN . . . . . . . . . . E_CONST  ----- INT      -------  2
CLK_Peripheral_TypeDef . . . . . . . .  TYPEDEF ------- INT   -------     2
CLK_FLAG_LSIRDY. . . . . . . . . . . . E_CONST  ----- INT      -------  2
CLK_FLAG_HSIRDY. . . . . . . . . . . . E_CONST  ----- INT      -------  2
CLK_FLAG_HSERDY. . . . . . . . . . . . E_CONST  ----- INT      -------  2
CLK_FLAG_SWIF. . . . . . . . . . . . . E_CONST  ----- INT      -------  2
CLK_FLAG_SWBSY . . . . . . . . . . . . E_CONST  ----- INT      -------  2
CLK_FLAG_CSSD. . . . . . . . . . . . . E_CONST  ----- INT      -------  2
CLK_FLAG_AUX . . . . . . . . . . . . . E_CONST  ----- INT      -------  2
CLK_FLAG_CCOBSY. . . . . . . . . . . . E_CONST  ----- INT      -------  2
CLK_FLAG_CCORDY. . . . . . . . . . . . E_CONST  ----- INT      -------  2
CLK_Flag_TypeDef . . . . . . . . . . .  TYPEDEF ------- INT   -------     2
CLK_IT_CSSD. . . . . . . . . . . . . . E_CONST  ----- INT      -------  2
CLK_IT_SWIF. . . . . . . . . . . . . . E_CONST  ----- INT      -------  2
CLK_IT_TypeDef . . . . . . . . . . . .  TYPEDEF ------- INT   -------     2
CLK_PRESCALER_HSIDIV1. . . . . . . . . E_CONST  ----- INT      -------  2
CLK_PRESCALER_HSIDIV2. . . . . . . . . E_CONST  ----- INT      -------  2
CLK_PRESCALER_HSIDIV4. . . . . . . . . E_CONST  ----- INT      -------  2
CLK_PRESCALER_HSIDIV8. . . . . . . . . E_CONST  ----- INT      -------  2
CLK_PRESCALER_CPUDIV1. . . . . . . . . E_CONST  ----- INT      -------  2
CLK_PRESCALER_CPUDIV2. . . . . . . . . E_CONST  ----- INT      -------  2
CLK_PRESCALER_CPUDIV4. . . . . . . . . E_CONST  ----- INT      -------  2
CLK_PRESCALER_CPUDIV8. . . . . . . . . E_CONST  ----- INT      -------  2
CLK_PRESCALER_CPUDIV16 . . . . . . . . E_CONST  ----- INT      -------  2
CLK_PRESCALER_CPUDIV32 . . . . . . . . E_CONST  ----- INT      -------  2
CLK_PRESCALER_CPUDIV64 . . . . . . . . E_CONST  ----- INT      -------  2
CLK_PRESCALER_CPUDIV128. . . . . . . . E_CONST  ----- INT      -------  2
CLK_Prescaler_TypeDef. . . . . . . . .  TYPEDEF ------- INT   -------     2
CLK_SWIMDIVIDER_2. . . . . . . . . . . E_CONST  ----- INT      -------  2
CLK_SWIMDIVIDER_OTHER. . . . . . . . . E_CONST  ----- INT      -------  2
CLK_SWIMDivider_TypeDef. . . . . . . .  TYPEDEF ------- INT   -------     2
CLK_DeInit . . . . . . . . . . . . . .  EXTERN  CODE    PROC    ------- -----
CLK_HSECmd . . . . . . . . . . . . . .  EXTERN  CODE    PROC    ------- -----
CLK_HSICmd . . . . . . . . . . . . . .  EXTERN  CODE    PROC    ------- -----
CLK_LSICmd . . . . . . . . . . . . . .  EXTERN  CODE    PROC    ------- -----
CLK_CCOCmd . . . . . . . . . . . . . .  EXTERN  CODE    PROC    ------- -----
CLK_ClockSwitchCmd . . . . . . . . . .  EXTERN  CODE    PROC    ------- -----
CLK_FastHaltWakeUpCmd. . . . . . . . .  EXTERN  CODE    PROC    ------- -----
CLK_SlowActiveHaltWakeUpCmd. . . . . .  EXTERN  CODE    PROC    ------- -----
CLK_PeripheralClockConfig. . . . . . .  EXTERN  CODE    PROC    ------- -----
CLK_ClockSwitchConfig. . . . . . . . .  EXTERN  CODE    PROC    ------- -----
CLK_HSIPrescalerConfig . . . . . . . .  EXTERN  CODE    PROC    ------- -----
CLK_CCOConfig. . . . . . . . . . . . .  EXTERN  CODE    PROC    ------- -----
CLK_ITConfig . . . . . . . . . . . . .  EXTERN  CODE    PROC    ------- -----
CLK_SYSCLKConfig . . . . . . . . . . .  EXTERN  CODE    PROC    ------- -----
CLK_SWIMConfig . . . . . . . . . . . .  EXTERN  CODE    PROC    ------- -----
CLK_ClockSecuritySystemEnable. . . . .  EXTERN  CODE    PROC    ------- -----
CLK_SYSCLKEmergencyClear . . . . . . .  EXTERN  CODE    PROC    ------- -----
CLK_AdjustHSICalibrationValue. . . . .  EXTERN  CODE    PROC    ------- -----
CLK_GetClockFreq . . . . . . . . . . .  EXTERN  CODE    PROC    ------- -----
CLK_GetSYSCLKSource. . . . . . . . . .  EXTERN  CODE    PROC    ------- -----
CLK_GetFlagStatus. . . . . . . . . . .  EXTERN  CODE    PROC    ------- -----
CLK_GetITStatus. . . . . . . . . . . .  EXTERN  CODE    PROC    ------- -----
CLK_ClearITPendingBit. . . . . . . . .  EXTERN  CODE    PROC    ------- -----
GPIO_MODE_IN_FL_NO_IT. . . . . . . . . E_CONST  ----- INT      -------  2
GPIO_MODE_IN_PU_NO_IT. . . . . . . . . E_CONST  ----- INT      -------  2
GPIO_MODE_IN_FL_IT . . . . . . . . . . E_CONST  ----- INT      -------  2
GPIO_MODE_IN_PU_IT . . . . . . . . . . E_CONST  ----- INT      -------  2
GPIO_MODE_OUT_OD_LOW_FAST. . . . . . . E_CONST  ----- INT      -------  2
GPIO_MODE_OUT_PP_LOW_FAST. . . . . . . E_CONST  ----- INT      -------  2
GPIO_MODE_OUT_OD_LOW_SLOW. . . . . . . E_CONST  ----- INT      -------  2
GPIO_MODE_OUT_PP_LOW_SLOW. . . . . . . E_CONST  ----- INT      -------  2
GPIO_MODE_OUT_OD_HIZ_FAST. . . . . . . E_CONST  ----- INT      -------  2
GPIO_MODE_OUT_PP_HIGH_FAST . . . . . . E_CONST  ----- INT      -------  2
GPIO_MODE_OUT_OD_HIZ_SLOW. . . . . . . E_CONST  ----- INT      -------  2
GPIO_MODE_OUT_PP_HIGH_SLOW . . . . . . E_CONST  ----- INT      -------  2
GPIO_Mode_TypeDef. . . . . . . . . . .  TYPEDEF ------- INT   -------     2
GPIO_PIN_0 . . . . . . . . . . . . . . E_CONST  ----- INT      -------  2
GPIO_PIN_1 . . . . . . . . . . . . . . E_CONST  ----- INT      -------  2
GPIO_PIN_2 . . . . . . . . . . . . . . E_CONST  ----- INT      -------  2
GPIO_PIN_3 . . . . . . . . . . . . . . E_CONST  ----- INT      -------  2
GPIO_PIN_4 . . . . . . . . . . . . . . E_CONST  ----- INT      -------  2
GPIO_PIN_5 . . . . . . . . . . . . . . E_CONST  ----- INT      -------  2
GPIO_PIN_6 . . . . . . . . . . . . . . E_CONST  ----- INT      -------  2
GPIO_PIN_7 . . . . . . . . . . . . . . E_CONST  ----- INT      -------  2
GPIO_PIN_LNIB. . . . . . . . . . . . . E_CONST  ----- INT      -------  2
GPIO_PIN_HNIB. . . . . . . . . . . . . E_CONST  ----- INT      -------  2
GPIO_PIN_ALL . . . . . . . . . . . . . E_CONST  ----- INT      -------  2
GPIO_Pin_TypeDef . . . . . . . . . . .  TYPEDEF ------- INT   -------     2
GPIO_DeInit. . . . . . . . . . . . . .  EXTERN  CODE    PROC    ------- -----
GPIO_Init. . . . . . . . . . . . . . .  EXTERN  CODE    PROC    ------- -----
GPIO_Write . . . . . . . . . . . . . .  EXTERN  CODE    PROC    ------- -----
GPIO_WriteHigh . . . . . . . . . . . .  EXTERN  CODE    PROC    ------- -----
GPIO_WriteLow. . . . . . . . . . . . .  EXTERN  CODE    PROC    ------- -----
GPIO_WriteReverse. . . . . . . . . . .  EXTERN  CODE    PROC    ------- -----
GPIO_ReadInputData . . . . . . . . . .  EXTERN  CODE    PROC    ------- -----
GPIO_ReadOutputData. . . . . . . . . .  EXTERN  CODE    PROC    ------- -----
GPIO_ReadInputPin. . . . . . . . . . .  EXTERN  CODE    PROC    ------- -----
GPIO_ExternalPullUpConfig. . . . . . .  EXTERN  CODE    PROC    ------- -----
SPI_DATADIRECTION_2LINES_FULLDUPLEX. . E_CONST  ----- INT      -------  2
SPI_DATADIRECTION_2LINES_RXONLY. . . . E_CONST  ----- INT      -------  2
SPI_DATADIRECTION_1LINE_RX . . . . . . E_CONST  ----- INT      -------  2
SPI_DATADIRECTION_1LINE_TX . . . . . . E_CONST  ----- INT      -------  2
SPI_DataDirection_TypeDef. . . . . . .  TYPEDEF ------- INT   -------     2
SPI_NSS_SOFT . . . . . . . . . . . . . E_CONST  ----- INT      -------  2
SPI_NSS_HARD . . . . . . . . . . . . . E_CONST  ----- INT      -------  2
SPI_NSS_TypeDef. . . . . . . . . . . .  TYPEDEF ------- INT   -------     2
SPI_DIRECTION_RX . . . . . . . . . . . E_CONST  ----- INT      -------  2
SPI_DIRECTION_TX . . . . . . . . . . . E_CONST  ----- INT      -------  2
SPI_Direction_TypeDef. . . . . . . . .  TYPEDEF ------- INT   -------     2
SPI_MODE_MASTER. . . . . . . . . . . . E_CONST  ----- INT      -------  2
SPI_MODE_SLAVE . . . . . . . . . . . . E_CONST  ----- INT      -------  2
SPI_Mode_TypeDef . . . . . . . . . . .  TYPEDEF ------- INT   -------     2
SPI_BAUDRATEPRESCALER_2. . . . . . . . E_CONST  ----- INT      -------  2
SPI_BAUDRATEPRESCALER_4. . . . . . . . E_CONST  ----- INT      -------  2
SPI_BAUDRATEPRESCALER_8. . . . . . . . E_CONST  ----- INT      -------  2
SPI_BAUDRATEPRESCALER_16 . . . . . . . E_CONST  ----- INT      -------  2
SPI_BAUDRATEPRESCALER_32 . . . . . . . E_CONST  ----- INT      -------  2
SPI_BAUDRATEPRESCALER_64 . . . . . . . E_CONST  ----- INT      -------  2
SPI_BAUDRATEPRESCALER_128. . . . . . . E_CONST  ----- INT      -------  2
SPI_BAUDRATEPRESCALER_256. . . . . . . E_CONST  ----- INT      -------  2
SPI_BaudRatePrescaler_TypeDef. . . . .  TYPEDEF ------- INT   -------     2
SPI_CLOCKPOLARITY_LOW. . . . . . . . . E_CONST  ----- INT      -------  2
SPI_CLOCKPOLARITY_HIGH . . . . . . . . E_CONST  ----- INT      -------  2
SPI_ClockPolarity_TypeDef. . . . . . .  TYPEDEF ------- INT   -------     2
SPI_CLOCKPHASE_1EDGE . . . . . . . . . E_CONST  ----- INT      -------  2
SPI_CLOCKPHASE_2EDGE . . . . . . . . . E_CONST  ----- INT      -------  2
SPI_ClockPhase_TypeDef . . . . . . . .  TYPEDEF ------- INT   -------     2
SPI_FIRSTBIT_MSB . . . . . . . . . . . E_CONST  ----- INT      -------  2
SPI_FIRSTBIT_LSB . . . . . . . . . . . E_CONST  ----- INT      -------  2
SPI_FirstBit_TypeDef . . . . . . . . .  TYPEDEF ------- INT   -------     2
SPI_CRC_RX . . . . . . . . . . . . . . E_CONST  ----- INT      -------  2
SPI_CRC_TX . . . . . . . . . . . . . . E_CONST  ----- INT      -------  2
SPI_CRC_TypeDef. . . . . . . . . . . .  TYPEDEF ------- INT   -------     2
SPI_FLAG_BSY . . . . . . . . . . . . . E_CONST  ----- INT      -------  2
SPI_FLAG_OVR . . . . . . . . . . . . . E_CONST  ----- INT      -------  2
SPI_FLAG_MODF. . . . . . . . . . . . . E_CONST  ----- INT      -------  2
SPI_FLAG_CRCERR. . . . . . . . . . . . E_CONST  ----- INT      -------  2
SPI_FLAG_WKUP. . . . . . . . . . . . . E_CONST  ----- INT      -------  2
SPI_FLAG_TXE . . . . . . . . . . . . . E_CONST  ----- INT      -------  2
SPI_FLAG_RXNE. . . . . . . . . . . . . E_CONST  ----- INT      -------  2
SPI_Flag_TypeDef . . . . . . . . . . .  TYPEDEF ------- INT   -------     2
SPI_IT_WKUP. . . . . . . . . . . . . . E_CONST  ----- INT      -------  2
SPI_IT_OVR . . . . . . . . . . . . . . E_CONST  ----- INT      -------  2
SPI_IT_MODF. . . . . . . . . . . . . . E_CONST  ----- INT      -------  2
SPI_IT_CRCERR. . . . . . . . . . . . . E_CONST  ----- INT      -------  2
SPI_IT_TXE . . . . . . . . . . . . . . E_CONST  ----- INT      -------  2
SPI_IT_RXNE. . . . . . . . . . . . . . E_CONST  ----- INT      -------  2
SPI_IT_ERR . . . . . . . . . . . . . . E_CONST  ----- INT      -------  2
SPI_IT_TypeDef . . . . . . . . . . . .  TYPEDEF ------- INT   -------     2
SPI_DeInit . . . . . . . . . . . . . .  EXTERN  CODE    PROC    ------- -----
SPI_Init . . . . . . . . . . . . . . .  EXTERN  CODE    PROC    ------- -----
SPI_Cmd. . . . . . . . . . . . . . . .  EXTERN  CODE    PROC    ------- -----
SPI_ITConfig . . . . . . . . . . . . .  EXTERN  CODE    PROC    ------- -----
SPI_SendData . . . . . . . . . . . . .  EXTERN  CODE    PROC    ------- -----
SPI_ReceiveData. . . . . . . . . . . .  EXTERN  CODE    PROC    ------- -----
SPI_NSSInternalSoftwareCmd . . . . . .  EXTERN  CODE    PROC    ------- -----
SPI_TransmitCRC. . . . . . . . . . . .  EXTERN  CODE    PROC    ------- -----
SPI_CalculateCRCCmd. . . . . . . . . .  EXTERN  CODE    PROC    ------- -----
SPI_GetCRC . . . . . . . . . . . . . .  EXTERN  CODE    PROC    ------- -----
SPI_ResetCRC . . . . . . . . . . . . .  EXTERN  CODE    PROC    ------- -----
SPI_GetCRCPolynomial . . . . . . . . .  EXTERN  CODE    PROC    ------- -----
SPI_BiDirectionalLineConfig. . . . . .  EXTERN  CODE    PROC    ------- -----
SPI_GetFlagStatus. . . . . . . . . . .  EXTERN  CODE    PROC    ------- -----
SPI_ClearFlag. . . . . . . . . . . . .  EXTERN  CODE    PROC    ------- -----
SPI_GetITStatus. . . . . . . . . . . .  EXTERN  CODE    PROC    ------- -----
SPI_ClearITPendingBit. . . . . . . . .  EXTERN  CODE    PROC    ------- -----
TIM4_PRESCALER_1 . . . . . . . . . . . E_CONST  ----- INT      -------  2
TIM4_PRESCALER_2 . . . . . . . . . . . E_CONST  ----- INT      -------  2
TIM4_PRESCALER_4 . . . . . . . . . . . E_CONST  ----- INT      -------  2
TIM4_PRESCALER_8 . . . . . . . . . . . E_CONST  ----- INT      -------  2
TIM4_PRESCALER_16. . . . . . . . . . . E_CONST  ----- INT      -------  2
TIM4_PRESCALER_32. . . . . . . . . . . E_CONST  ----- INT      -------  2
TIM4_PRESCALER_64. . . . . . . . . . . E_CONST  ----- INT      -------  2
TIM4_PRESCALER_128 . . . . . . . . . . E_CONST  ----- INT      -------  2
TIM4_Prescaler_TypeDef . . . . . . . .  TYPEDEF ------- INT   -------     2
TIM4_OPMODE_SINGLE . . . . . . . . . . E_CONST  ----- INT      -------  2
TIM4_OPMODE_REPETITIVE . . . . . . . . E_CONST  ----- INT      -------  2
TIM4_OPMode_TypeDef. . . . . . . . . .  TYPEDEF ------- INT   -------     2
TIM4_PSCRELOADMODE_UPDATE. . . . . . . E_CONST  ----- INT      -------  2
TIM4_PSCRELOADMODE_IMMEDIATE . . . . . E_CONST  ----- INT      -------  2
TIM4_PSCReloadMode_TypeDef . . . . . .  TYPEDEF ------- INT   -------     2
TIM4_UPDATESOURCE_GLOBAL . . . . . . . E_CONST  ----- INT      -------  2
TIM4_UPDATESOURCE_REGULAR. . . . . . . E_CONST  ----- INT      -------  2
TIM4_UpdateSource_TypeDef. . . . . . .  TYPEDEF ------- INT   -------     2
TIM4_EVENTSOURCE_UPDATE. . . . . . . . E_CONST  ----- INT      -------  2
TIM4_EventSource_TypeDef . . . . . . .  TYPEDEF ------- INT   -------     2
TIM4_FLAG_UPDATE . . . . . . . . . . . E_CONST  ----- INT      -------  2
TIM4_FLAG_TypeDef. . . . . . . . . . .  TYPEDEF ------- INT   -------     2
TIM4_IT_UPDATE . . . . . . . . . . . . E_CONST  ----- INT      -------  2
TIM4_IT_TypeDef. . . . . . . . . . . .  TYPEDEF ------- INT   -------     2
TIM4_DeInit. . . . . . . . . . . . . .  EXTERN  CODE    PROC    ------- -----
TIM4_TimeBaseInit. . . . . . . . . . .  EXTERN  CODE    PROC    ------- -----
TIM4_Cmd . . . . . . . . . . . . . . .  EXTERN  CODE    PROC    ------- -----
TIM4_ITConfig. . . . . . . . . . . . .  EXTERN  CODE    PROC    ------- -----
TIM4_UpdateDisableConfig . . . . . . .  EXTERN  CODE    PROC    ------- -----
TIM4_UpdateRequestConfig . . . . . . .  EXTERN  CODE    PROC    ------- -----
TIM4_SelectOnePulseMode. . . . . . . .  EXTERN  CODE    PROC    ------- -----
TIM4_PrescalerConfig . . . . . . . . .  EXTERN  CODE    PROC    ------- -----
TIM4_ARRPreloadConfig. . . . . . . . .  EXTERN  CODE    PROC    ------- -----
TIM4_GenerateEvent . . . . . . . . . .  EXTERN  CODE    PROC    ------- -----
TIM4_SetCounter. . . . . . . . . . . .  EXTERN  CODE    PROC    ------- -----
TIM4_SetAutoreload . . . . . . . . . .  EXTERN  CODE    PROC    ------- -----
TIM4_GetCounter. . . . . . . . . . . .  EXTERN  CODE    PROC    ------- -----
TIM4_GetPrescaler. . . . . . . . . . .  EXTERN  CODE    PROC    ------- -----
TIM4_GetFlagStatus . . . . . . . . . .  EXTERN  CODE    PROC    ------- -----
TIM4_ClearFlag . . . . . . . . . . . .  EXTERN  CODE    PROC    ------- -----
TIM4_GetITStatus . . . . . . . . . . .  EXTERN  CODE    PROC    ------- -----
TIM4_ClearITPendingBit . . . . . . . .  EXTERN  CODE    PROC    ------- -----
UART3_WAKEUP_IDLELINE. . . . . . . . . E_CONST  ----- INT      -------  2
UART3_WAKEUP_ADDRESSMARK . . . . . . . E_CONST  ----- INT      -------  2
UART3_WakeUp_TypeDef . . . . . . . . .  TYPEDEF ------- INT   -------     2
UART3_LINBREAKDETECTIONLENGTH_10BITS . E_CONST  ----- INT      -------  2
UART3_LINBREAKDETECTIONLENGTH_11BITS . E_CONST  ----- INT      -------  2
UART3_LINBreakDetectionLength_TypeDef.  TYPEDEF ------- INT   -------     2
UART3_STOPBITS_1 . . . . . . . . . . . E_CONST  ----- INT      -------  2
UART3_STOPBITS_2 . . . . . . . . . . . E_CONST  ----- INT      -------  2
UART3_StopBits_TypeDef . . . . . . . .  TYPEDEF ------- INT   -------     2
UART3_PARITY_NO. . . . . . . . . . . . E_CONST  ----- INT      -------  2
UART3_PARITY_EVEN. . . . . . . . . . . E_CONST  ----- INT      -------  2
UART3_PARITY_ODD . . . . . . . . . . . E_CONST  ----- INT      -------  2
UART3_Parity_TypeDef . . . . . . . . .  TYPEDEF ------- INT   -------     2
UART3_WORDLENGTH_8D. . . . . . . . . . E_CONST  ----- INT      -------  2
UART3_WORDLENGTH_9D. . . . . . . . . . E_CONST  ----- INT      -------  2
UART3_WordLength_TypeDef . . . . . . .  TYPEDEF ------- INT   -------     2
UART3_MODE_RX_ENABLE . . . . . . . . . E_CONST  ----- INT      -------  2
UART3_MODE_TX_ENABLE . . . . . . . . . E_CONST  ----- INT      -------  2
UART3_MODE_TX_DISABLE. . . . . . . . . E_CONST  ----- INT      -------  2
UART3_MODE_RX_DISABLE. . . . . . . . . E_CONST  ----- INT      -------  2
UART3_MODE_TXRX_ENABLE . . . . . . . . E_CONST  ----- INT      -------  2
UART3_Mode_TypeDef . . . . . . . . . .  TYPEDEF ------- INT   -------     2
UART3_LIN_MODE_MASTER. . . . . . . . . E_CONST  ----- INT      -------  2
UART3_LIN_MODE_SLAVE . . . . . . . . . E_CONST  ----- INT      -------  2
UART3_LinMode_TypeDef. . . . . . . . .  TYPEDEF ------- INT   -------     2
UART3_LIN_AUTOSYNC_DISABLE . . . . . . E_CONST  ----- INT      -------  2
UART3_LIN_AUTOSYNC_ENABLE. . . . . . . E_CONST  ----- INT      -------  2
UART3_LinAutosync_TypeDef. . . . . . .  TYPEDEF ------- INT   -------     2
UART3_LIN_DIVUP_LBRR1. . . . . . . . . E_CONST  ----- INT      -------  2
UART3_LIN_DIVUP_NEXTRXNE . . . . . . . E_CONST  ----- INT      -------  2
UART3_LinDivUp_TypeDef . . . . . . . .  TYPEDEF ------- INT   -------     2
UART3_FLAG_TXE . . . . . . . . . . . . E_CONST  ----- INT      -------  2
UART3_FLAG_TC. . . . . . . . . . . . . E_CONST  ----- INT      -------  2
UART3_FLAG_RXNE. . . . . . . . . . . . E_CONST  ----- INT      -------  2
UART3_FLAG_IDLE. . . . . . . . . . . . E_CONST  ----- INT      -------  2
UART3_FLAG_OR_LHE. . . . . . . . . . . E_CONST  ----- INT      -------  2
UART3_FLAG_NF. . . . . . . . . . . . . E_CONST  ----- INT      -------  2
UART3_FLAG_FE. . . . . . . . . . . . . E_CONST  ----- INT      -------  2
UART3_FLAG_PE. . . . . . . . . . . . . E_CONST  ----- INT      -------  2
UART3_FLAG_SBK . . . . . . . . . . . . E_CONST  ----- INT      -------  2
UART3_FLAG_LBDF. . . . . . . . . . . . E_CONST  ----- INT      -------  2
UART3_FLAG_LHDF. . . . . . . . . . . . E_CONST  ----- INT      -------  2
UART3_FLAG_LSF . . . . . . . . . . . . E_CONST  ----- INT      -------  2
UART3_Flag_TypeDef . . . . . . . . . .  TYPEDEF ------- INT   -------     2
UART3_IT_TXE . . . . . . . . . . . . . E_CONST  ----- INT      -------  2
UART3_IT_TC. . . . . . . . . . . . . . E_CONST  ----- INT      -------  2
UART3_IT_RXNE. . . . . . . . . . . . . E_CONST  ----- INT      -------  2
UART3_IT_IDLE. . . . . . . . . . . . . E_CONST  ----- INT      -------  2
UART3_IT_OR. . . . . . . . . . . . . . E_CONST  ----- INT      -------  2
UART3_IT_PE. . . . . . . . . . . . . . E_CONST  ----- INT      -------  2
UART3_IT_LBDF. . . . . . . . . . . . . E_CONST  ----- INT      -------  2
UART3_IT_LHDF. . . . . . . . . . . . . E_CONST  ----- INT      -------  2
UART3_IT_RXNE_OR . . . . . . . . . . . E_CONST  ----- INT      -------  2
UART3_IT_TypeDef . . . . . . . . . . .  TYPEDEF ------- INT   -------     2
UART3_DeInit . . . . . . . . . . . . .  EXTERN  CODE    PROC    ------- -----
UART3_Init . . . . . . . . . . . . . .  EXTERN  CODE    PROC    ------- -----
UART3_Cmd. . . . . . . . . . . . . . .  EXTERN  CODE    PROC    ------- -----
UART3_ITConfig . . . . . . . . . . . .  EXTERN  CODE    PROC    ------- -----
UART3_LINBreakDetectionConfig. . . . .  EXTERN  CODE    PROC    ------- -----
UART3_LINConfig. . . . . . . . . . . .  EXTERN  CODE    PROC    ------- -----
UART3_LINCmd . . . . . . . . . . . . .  EXTERN  CODE    PROC    ------- -----
UART3_ReceiverWakeUpCmd. . . . . . . .  EXTERN  CODE    PROC    ------- -----
UART3_WakeUpConfig . . . . . . . . . .  EXTERN  CODE    PROC    ------- -----
UART3_ReceiveData8 . . . . . . . . . .  EXTERN  CODE    PROC    ------- -----
UART3_ReceiveData9 . . . . . . . . . .  EXTERN  CODE    PROC    ------- -----
UART3_SendData8. . . . . . . . . . . .  EXTERN  CODE    PROC    ------- -----
UART3_SendData9. . . . . . . . . . . .  EXTERN  CODE    PROC    ------- -----
UART3_SendBreak. . . . . . . . . . . .  EXTERN  CODE    PROC    ------- -----
UART3_SetAddress . . . . . . . . . . .  EXTERN  CODE    PROC    ------- -----
UART3_GetFlagStatus. . . . . . . . . .  EXTERN  CODE    PROC    ------- -----
UART3_ClearFlag. . . . . . . . . . . .  EXTERN  CODE    PROC    ------- -----
UART3_GetITStatus. . . . . . . . . . .  EXTERN  CODE    PROC    ------- -----
UART3_ClearITPendingBit. . . . . . . .  EXTERN  CODE    PROC    ------- -----
assert_failed. . . . . . . . . . . . .  EXTERN  CODE    PROC    ------- -----
_fctptr_t. . . . . . . . . . . . . . .  TYPEDEF ------- PTR     -------     2
_halt_ . . . . . . . . . . . . . . . .  EXTERN  CODE    PROC    ------- -----
_jmp_. . . . . . . . . . . . . . . . .  EXTERN  CODE    PROC    ------- -----
_nop_. . . . . . . . . . . . . . . . .  EXTERN  CODE    PROC    ------- -----
_rim_. . . . . . . . . . . . . . . . .  EXTERN  CODE    PROC    ------- -----
_sim_. . . . . . . . . . . . . . . . .  EXTERN  CODE    PROC    ------- -----
_trap_ . . . . . . . . . . . . . . . .  EXTERN  CODE    PROC    ------- -----
_wfe_. . . . . . . . . . . . . . . . .  EXTERN  CODE    PROC    ------- -----
_wfi_. . . . . . . . . . . . . . . . .  EXTERN  CODE    PROC    ------- -----
_getCC_. . . . . . . . . . . . . . . .  EXTERN  CODE    PROC    ------- -----
_setCC_. . . . . . . . . . . . . . . .  EXTERN  CODE    PROC    ------- -----
_getSP_. . . . . . . . . . . . . . . .  EXTERN  CODE    PROC    ------- -----
_setSP_. . . . . . . . . . . . . . . .  EXTERN  CODE    PROC    ------- -----
_swapbyte_ . . . . . . . . . . . . . .  EXTERN  CODE    PROC    ------- -----
_swapnibble_ . . . . . . . . . . . . .  EXTERN  CODE    PROC    ------- -----
EXTI_SENSITIVITY_FALL_LOW. . . . . . . E_CONST  ----- INT      -------  2
EXTI_SENSITIVITY_RISE_ONLY . . . . . . E_CONST  ----- INT      -------  2
EXTI_SENSITIVITY_FALL_ONLY . . . . . . E_CONST  ----- INT      -------  2
EXTI_SENSITIVITY_RISE_FALL . . . . . . E_CONST  ----- INT      -------  2
EXTI_Sensitivity_TypeDef . . . . . . .  TYPEDEF ------- INT   -------     2
EXTI_TLISENSITIVITY_FALL_ONLY. . . . . E_CONST  ----- INT      -------  2
EXTI_TLISENSITIVITY_RISE_ONLY. . . . . E_CONST  ----- INT      -------  2
EXTI_TLISensitivity_TypeDef. . . . . .  TYPEDEF ------- INT   -------     2
EXTI_PORT_GPIOA. . . . . . . . . . . . E_CONST  ----- INT      -------  2
EXTI_PORT_GPIOB. . . . . . . . . . . . E_CONST  ----- INT      -------  2
EXTI_PORT_GPIOC. . . . . . . . . . . . E_CONST  ----- INT      -------  2
EXTI_PORT_GPIOD. . . . . . . . . . . . E_CONST  ----- INT      -------  2
EXTI_PORT_GPIOE. . . . . . . . . . . . E_CONST  ----- INT      -------  2
EXTI_Port_TypeDef. . . . . . . . . . .  TYPEDEF ------- INT   -------     2
EXTI_DeInit. . . . . . . . . . . . . .  EXTERN  CODE    PROC    ------- -----
EXTI_SetExtIntSensitivity. . . . . . .  EXTERN  CODE    PROC    ------- -----
EXTI_SetTLISensitivity . . . . . . . .  EXTERN  CODE    PROC    ------- -----
EXTI_GetExtIntSensitivity. . . . . . .  EXTERN  CODE    PROC    ------- -----
EXTI_GetTLISensitivity . . . . . . . .  EXTERN  CODE    PROC    ------- -----
EXTI_DeInit. . . . . . . . . . . . . .  PUBLIC  CODE    PROC    ------- -----
EXTI_SetExtIntSensitivity. . . . . . .  PUBLIC  CODE    PROC    ------- -----
 Port?213. . . . . . . . . . . . . . .  PARAM   AUTO    ENUM    000000H     2
 SensitivityValue?214. . . . . . . . .  PARAM   AUTO    ENUM    000004H     2
EXTI_SetTLISensitivity . . . . . . . .  PUBLIC  CODE    PROC    ------- -----
 SensitivityValue?215. . . . . . . . .  PARAM   AUTO    ENUM    000000H     2
  value?218. . . . . . . . . . . . . .  PUBLIC  AUTO    U_CHAR  000000H     1
EXTI_GetExtIntSensitivity. . . . . . .  PUBLIC  CODE    PROC    ------- -----
 Port?216. . . . . . . . . . . . . . .  PARAM   AUTO    ENUM    000001H     2
  value?218. . . . . . . . . . . . . .  PUBLIC  AUTO    U_CHAR  000000H     1
  value?222. . . . . . . . . . . . . .  PUBLIC  AUTO    U_CHAR  000000H     1
EXTI_GetTLISensitivity . . . . . . . .  PUBLIC  CODE    PROC    ------- -----
  value?222. . . . . . . . . . . . . .  PUBLIC  AUTO    U_CHAR  000000H     1
assert_failed. . . . . . . . . . . . .  EXTERN  CODE    PROC    ------- -----
?BH. . . . . . . . . . . . . . . . . .  EXTERN  PAGE0   U_CHAR  ------- -----
?BL. . . . . . . . . . . . . . . . . .  EXTERN  PAGE0   U_CHAR  ------- -----
RCSTM8 COMPILER V2.44.12.199


MODULE INFORMATION:   STATIC OVERLAYABLE
   CODE SIZE        =    335    ----
   CONSTANT SIZE    =     62    ----
   DATA SIZE        =   ----    ----
   PAGE0 SIZE       =   ----    ----
   BIT SIZE         =   ----    ----
END OF MODULE INFORMATION.

RCSTM8 COMPILATION COMPLETE.  0 WARNING,  0 ERROR
